<?xml version="1.0" encoding="UTF-8" ?>
<testsuites name="vitest tests" tests="82" failures="0" errors="0" time="66.392667699">
    <testsuite name="tests/api/basic.test.ts" timestamp="2026-05-24T10:06:58.814Z" hostname="localhost" tests="3" failures="0" errors="0" skipped="0" time="1.034907292">
        <testcase classname="tests/api/basic.test.ts" name="API Integration (Express Layer) &gt; GET /ping should return 200 pong" time="0.705329167">
        </testcase>
        <testcase classname="tests/api/basic.test.ts" name="API Integration (Express Layer) &gt; GET /health should return 200 with status ok" time="0.168075521">
            <system-out>
[18:06:58] [fc4a2ff1] GET /health

            </system-out>
        </testcase>
        <testcase classname="tests/api/basic.test.ts" name="API Integration (Express Layer) &gt; GET /non-existent-route should return 404" time="0.106336979">
            <system-out>
[18:06:58] [71f2ae5f] GET /api/v1/invalid

            </system-out>
        </testcase>
    </testsuite>
    <testsuite name="tests/api/keychanger.integration.test.ts" timestamp="2026-05-24T10:06:58.821Z" hostname="localhost" tests="4" failures="0" errors="0" skipped="0" time="1.163350521">
        <testcase classname="tests/api/keychanger.integration.test.ts" name="KeyChanger API Integration &gt; POST /api/key-changer/detect should return 400 if no file" time="0.766546874">
            <system-out>
[18:06:55] [d8644230] POST /api/key-changer/detect

            </system-out>
        </testcase>
        <testcase classname="tests/api/keychanger.integration.test.ts" name="KeyChanger API Integration &gt; GET /api/key-changer/detect-processed/:filename should return 404 if not found" time="0.100483854">
            <system-out>
[18:06:55] [9259bda9] GET /api/key-changer/detect-processed/non-existent.mp3

            </system-out>
        </testcase>
        <testcase classname="tests/api/keychanger.integration.test.ts" name="KeyChanger API Integration &gt; POST /api/key-changer/convert should return 400 if no file" time="0.095595313">
            <system-out>
[18:06:55] [fa01f413] POST /api/key-changer/convert

            </system-out>
        </testcase>
        <testcase classname="tests/api/keychanger.integration.test.ts" name="KeyChanger API Integration &gt; GET /api/key-changer/download/:filename should return 404 if not found" time="0.141151041">
            <system-out>
[18:06:55] [29bf7200] GET /api/key-changer/download/non-existent.mp3

            </system-out>
        </testcase>
    </testsuite>
    <testsuite name="tests/api/remix.integration.test.ts" timestamp="2026-05-24T10:06:58.828Z" hostname="localhost" tests="4" failures="0" errors="0" skipped="0" time="1.270129687">
        <testcase classname="tests/api/remix.integration.test.ts" name="Remix API Integration &gt; POST /api/remix/register-engine should return 400 for missing data" time="0.651158333">
            <system-out>
[18:06:55] [85cd5822] POST /api/remix/register-engine
[Engine] Registration attempt: session=undefined url=undefined

            </system-out>
            <system-err>
[Engine] Registration failed: Missing url or session_id

            </system-err>
        </testcase>
        <testcase classname="tests/api/remix.integration.test.ts" name="Remix API Integration &gt; GET /api/remix/engine-status should return error if no session_id" time="0.200014584">
            <system-out>
[18:06:55] [ecfdc8e3] GET /api/remix/engine-status

            </system-out>
        </testcase>
        <testcase classname="tests/api/remix.integration.test.ts" name="Remix API Integration &gt; POST /api/remix/process should return 400 if no engine registered" time="0.267315625">
            <system-out>
[18:06:55] [19d798a2] POST /api/remix/process

[Process] Request received: engine=undefined stems=undefined session_id=unknown
[Process] Engine lookup: session_id=unknown -&gt; url=undefined

            </system-out>
            <system-err>
[Process] Failed: No engine mapped for session unknown

            </system-err>
        </testcase>
        <testcase classname="tests/api/remix.integration.test.ts" name="Remix API Integration &gt; GET /api/remix/history should return history (empty initially)" time="0.100253646">
            <system-out>
[18:06:56] [41dff034] GET /api/remix/history
[MockDB] Executing: SELECT * FROM remix_history ORDER BY created_at DESC LIMIT 15...

            </system-out>
        </testcase>
    </testsuite>
    <testsuite name="tests/api/video.integration.test.ts" timestamp="2026-05-24T10:06:58.836Z" hostname="localhost" tests="9" failures="0" errors="0" skipped="0" time="21.570369268">
        <testcase classname="tests/api/video.integration.test.ts" name="Video API Integration &gt; GET /ping should return pong" time="0.620410937">
        </testcase>
        <testcase classname="tests/api/video.integration.test.ts" name="Video API Integration &gt; GET /health should return 200 ok" time="0.122548958">
            <system-out>
[18:06:31] [dbde908e] GET /health

            </system-out>
        </testcase>
        <testcase classname="tests/api/video.integration.test.ts" name="Video API Integration &gt; GET /info should return 400 for missing URL" time="0.085498438">
            <system-out>
[18:06:31] [ee50443d] GET /info

            </system-out>
        </testcase>
        <testcase classname="tests/api/video.integration.test.ts" name="Video API Integration &gt; GET /info should return metadata for valid YouTube URL (Mocked via MSW)" time="19.168252602">
            <system-out>
[18:06:31] [6c47f819] GET /info?url=https%3A%2F%2Fwww.youtube.com%2Fwatch%3Fv%3DnTbA7qrEsP0

[Info] [6c47f819] Starting getVideoInfo for: https://www.youtube.com/watch?v=nTbA7qrEsP0

[Info] Resolved URL: https://www.youtube.com/watch?v=nTbA7qrEsP0

[Info] Progress: fetching_info Metadata parsed

[Metadata] Early hit: &quot;THIS IS 4K ANIME | YOUR NAME 2160P 60FPS&quot; by &quot;ash360ae&quot;
[Info] Progress: extracting Metadata found

            </system-out>
        </testcase>
        <testcase classname="tests/api/video.integration.test.ts" name="Video API Integration &gt; GET /info should return metadata for valid Spotify URL (Mocked via MSW)" time="0.683351041">
            <system-out>
[18:06:50] [7971811b] GET /info?url=https%3A%2F%2Fopen.spotify.com%2Ftrack%2FnTbA7qrEsP0

[Info] [7971811b] Starting getVideoInfo for: https://open.spotify.com/track/nTbA7qrEsP0

[Info] Resolved URL: https://open.spotify.com/track/nTbA7qrEsP0

[MockDB] Executing: SELECT * FROM spotify_mappings WHERE url = ?...

[Info] Progress: initializing Consulting Spotify API...

[Info] Progress: initializing Falling back to multi-source race...

[Info] Progress: initializing Metadata locked.

[Info] Progress: initializing Refreshing 30s preview...

[Info] Progress: initializing Preview Refreshed
[MockDB] Executing: UPDATE spotify_mappings SET previewUrl = ? WHERE url = ?...

[MockDB] Executing: INSERT OR REPLACE INTO volatile_links (url, expires_at, provider) VALUES (?, ?, ?)...

[Response] Sending Preview: https://p.scdn.co/mp3-preview/mocked...

[Info] Progress: initializing Staging Multi-Source Search...
[Info] Progress: initializing Running ISRC Quantum Matcher...
[Info] Progress: initializing Consulting Odesli API...

[Info] Progress: initializing Race Completed.

            </system-out>
        </testcase>
        <testcase classname="tests/api/video.integration.test.ts" name="Video API Integration &gt; POST /telemetry should return 204" time="0.240914583">
            <system-out>
[18:06:51] [a1d6c619] POST /telemetry

[6:06:51 PM] [EME] Client-Side Handshake: test

            </system-out>
        </testcase>
        <testcase classname="tests/api/video.integration.test.ts" name="Video API Integration &gt; GET /proxy should return 400 for missing url" time="0.278414062">
            <system-out>
[18:06:51] [cc536010] GET /proxy

            </system-out>
        </testcase>
        <testcase classname="tests/api/video.integration.test.ts" name="Video API Integration &gt; GET /stream-urls should return 400 for missing url" time="0.16668802">
            <system-out>
[18:06:51] [7900167e] GET /stream-urls

            </system-out>
        </testcase>
        <testcase classname="tests/api/video.integration.test.ts" name="Video API Integration &gt; POST /convert should return 400 for missing url" time="0.152220833">
            <system-out>
[18:06:51] [9a5dd10c] POST /convert

[Convert] Request received for: undefined (ID: undefined)

            </system-out>
            <system-err>
[Convert] Invalid URL: undefined

            </system-err>
        </testcase>
    </testsuite>
    <testsuite name="tests/core/contract.test.ts" timestamp="2026-05-24T10:06:58.852Z" hostname="localhost" tests="8" failures="0" errors="0" skipped="0" time="0.17554375">
        <testcase classname="tests/core/contract.test.ts" name="Media Contract Hardening &gt; FormatSchema &gt; should validate a valid format" time="0.041691666">
        </testcase>
        <testcase classname="tests/core/contract.test.ts" name="Media Contract Hardening &gt; FormatSchema &gt; should fail on invalid URL" time="0.019191146">
        </testcase>
        <testcase classname="tests/core/contract.test.ts" name="Media Contract Hardening &gt; SpotifyMetadataSchema &gt; should validate valid spotify metadata" time="0.01227448">
        </testcase>
        <testcase classname="tests/core/contract.test.ts" name="Media Contract Hardening &gt; SpotifyMetadataSchema &gt; should fail if artist is missing" time="0.009245834">
        </testcase>
        <testcase classname="tests/core/contract.test.ts" name="Media Contract Hardening &gt; VideoInfoSchema &gt; should validate valid video info" time="0.011844271">
        </testcase>
        <testcase classname="tests/core/contract.test.ts" name="Media Contract Hardening &gt; FinalResponseSchema &gt; should validate a complete final response" time="0.007592188">
        </testcase>
        <testcase classname="tests/core/contract.test.ts" name="Media Contract Hardening &gt; FinalResponseSchema &gt; should handle data URIs for images" time="0.004855208">
        </testcase>
        <testcase classname="tests/core/contract.test.ts" name="Media Contract Hardening &gt; FinalResponseSchema &gt; should fail on missing required fields" time="0.006678125">
        </testcase>
    </testsuite>
    <testsuite name="tests/core/conversion.test.ts" timestamp="2026-05-24T10:06:58.856Z" hostname="localhost" tests="1" failures="0" errors="0" skipped="0" time="0.222407812">
        <testcase classname="tests/core/conversion.test.ts" name="Conversion Engine (Automation Proof) &gt; should verify that we can detect a hanging stream" time="0.099289062">
        </testcase>
    </testsuite>
    <testsuite name="tests/core/fsm.test.ts" timestamp="2026-05-24T10:06:58.857Z" hostname="localhost" tests="4" failures="0" errors="0" skipped="0" time="0.135771875">
        <testcase classname="tests/core/fsm.test.ts" name="Media FSM &gt; should initialize in idle state" time="0.011220313">
        </testcase>
        <testcase classname="tests/core/fsm.test.ts" name="Media FSM &gt; should allow valid transitions" time="0.002351042">
            <system-out>
[FSM] Transition: idle to fetching

            </system-out>
        </testcase>
        <testcase classname="tests/core/fsm.test.ts" name="Media FSM &gt; should execute action on transition" time="0.006923958">
            <system-out>
[FSM] Transition: idle to fetching

            </system-out>
        </testcase>
        <testcase classname="tests/core/fsm.test.ts" name="Media FSM &gt; should not change state on invalid transition" time="0.00296875">
            <system-err>
[FSM] Error: Invalid transition from idle to processing

            </system-err>
        </testcase>
    </testsuite>
    <testsuite name="tests/core/normalization.test.ts" timestamp="2026-05-24T10:06:58.863Z" hostname="localhost" tests="3" failures="0" errors="0" skipped="0" time="0.045078646">
        <testcase classname="tests/core/normalization.test.ts" name="URL Normalization (Cache Consistency) &gt; should strip Spotify tracking parameters (si, context)" time="0.013055208">
        </testcase>
        <testcase classname="tests/core/normalization.test.ts" name="URL Normalization (Cache Consistency) &gt; should strip Facebook and TikTok tracking parameters" time="0.003217708">
        </testcase>
        <testcase classname="tests/core/normalization.test.ts" name="URL Normalization (Cache Consistency) &gt; should handle URLs without parameters gracefully" time="0.0013375">
        </testcase>
    </testsuite>
    <testsuite name="tests/core/streamer_args.test.ts" timestamp="2026-05-24T10:06:58.866Z" hostname="localhost" tests="2" failures="0" errors="0" skipped="0" time="1.074261458">
        <testcase classname="tests/core/streamer_args.test.ts" name="streamDownload FFmpeg arguments &gt; should include -bsf:a aac_adtstoasc filter when format is mp4 and shouldCopy is true" time="0.534610938">
            <system-out>
[Download] [global] Engine: yt-dlp | Platform: Youtube | URL: http://test.com

            </system-out>
        </testcase>
        <testcase classname="tests/core/streamer_args.test.ts" name="streamDownload FFmpeg arguments &gt; should include -bsf:a aac_adtstoasc filter when format is mp4 and shouldCopy is false" time="0.504685937">
            <system-out>
[Download] [global] Engine: yt-dlp | Platform: Youtube | URL: http://test.com

            </system-out>
        </testcase>
    </testsuite>
    <testsuite name="tests/extractors/facebook_extractor.test.ts" timestamp="2026-05-24T10:06:58.869Z" hostname="localhost" tests="4" failures="0" errors="0" skipped="0" time="1.598164583">
        <testcase classname="tests/extractors/facebook_extractor.test.ts" name="Facebook JS Extractor (Data-Driven) &gt; should extract metadata for &apos;Facebook Reel&apos;" time="0.956972396">
            <system-out>
[Assert] Verified facebook logic flow.

            </system-out>
        </testcase>
        <testcase classname="tests/extractors/facebook_extractor.test.ts" name="Facebook JS Extractor (Data-Driven) &gt; should extract metadata for &apos;Non-existent Video (404)&apos;" time="0.012774479">
        </testcase>
        <testcase classname="tests/extractors/facebook_extractor.test.ts" name="Facebook JS Extractor (Data-Driven) &gt; should extract metadata for &apos;Malformed HTML&apos;" time="0.018019271">
        </testcase>
        <testcase classname="tests/extractors/facebook_extractor.test.ts" name="Facebook JS Extractor (Data-Driven) &gt; should be able to initiate a stream (Pure JS Stream)" time="0.545980209">
        </testcase>
    </testsuite>
    <testsuite name="tests/extractors/facebook_reel.test.ts" timestamp="2026-05-24T10:06:58.873Z" hostname="localhost" tests="5" failures="0" errors="0" skipped="0" time="0.066525">
        <testcase classname="tests/extractors/facebook_reel.test.ts" name="Facebook Reel JS Extractor &gt; should extract metadata from a Reel URL with mocked HTML" time="0.023935937">
        </testcase>
        <testcase classname="tests/extractors/facebook_reel.test.ts" name="Facebook Reel JS Extractor &gt; should filter out DASH segments and audio-only streams" time="0.00798125">
        </testcase>
        <testcase classname="tests/extractors/facebook_reel.test.ts" name="Facebook Reel JS Extractor &gt; should isolate correct video in preloaded feed and extract split streams" time="0.00296875">
        </testcase>
        <testcase classname="tests/extractors/facebook_reel.test.ts" name="Facebook Reel JS Extractor &gt; should correctly categorize split DASH components" time="0.003042187">
        </testcase>
        <testcase classname="tests/extractors/facebook_reel.test.ts" name="Facebook Reel JS Extractor &gt; should ignore unrelated formats in the same script block" time="0.002790104">
        </testcase>
    </testsuite>
    <testsuite name="tests/extractors/facebook_stories.test.ts" timestamp="2026-05-24T10:06:58.877Z" hostname="localhost" tests="3" failures="0" errors="0" skipped="0" time="0.069370313">
        <testcase classname="tests/extractors/facebook_stories.test.ts" name="Facebook Stories Extractor &gt; should detect story URLs and extract video metadata from JSON" time="0.025797917">
        </testcase>
        <testcase classname="tests/extractors/facebook_stories.test.ts" name="Facebook Stories Extractor &gt; should fallback gracefully when metadata is missing" time="0.009179167">
        </testcase>
        <testcase classname="tests/extractors/facebook_stories.test.ts" name="Facebook Stories Extractor &gt; should extract photo from an image-only story" time="0.005790625">
        </testcase>
    </testsuite>
    <testsuite name="tests/extractors/instagram_extractor.test.ts" timestamp="2026-05-24T10:06:58.880Z" hostname="localhost" tests="2" failures="0" errors="0" skipped="0" time="0.781196354">
        <testcase classname="tests/extractors/instagram_extractor.test.ts" name="Instagram JS Extractor (Data-Driven) &gt; should extract metadata for &apos;Instagram Reel&apos;" time="0.582834375">
            <system-out>
[Assert] Verified instagram logic flow.

            </system-out>
        </testcase>
        <testcase classname="tests/extractors/instagram_extractor.test.ts" name="Instagram JS Extractor (Data-Driven) &gt; should be able to initiate a stream (Pure JS Stream)" time="0.143991145">
        </testcase>
    </testsuite>
    <testsuite name="tests/extractors/spotify_extractor.test.ts" timestamp="2026-05-24T10:06:58.883Z" hostname="localhost" tests="2" failures="0" errors="0" skipped="0" time="4.569251562">
        <testcase classname="tests/extractors/spotify_extractor.test.ts" name="Spotify Extractor (Mocked) &gt; should parse metadata correctly using mocked data" time="4.515863541">
            <system-out>
[MockDB] Executing: 
                CREATE TABLE IF NOT EXISTS spotify_mappings (
                    url TEXT PRIMARY ...

[MockDB] Executing: CREATE INDEX IF NOT EXISTS idx_spotify_isrc ON spotify_mappings(isrc)...

[MockDB] Executing: CREATE INDEX IF NOT EXISTS idx_spotify_youtube ON spotify_mappings(youtubeUrl)...

[Turso] Database initialized.

[MockDB] Executing: SELECT * FROM spotify_mappings WHERE url = ?...

[MockDB] Executing: UPDATE spotify_mappings SET previewUrl = ? WHERE url = ?...

[MockDB] Executing: INSERT OR REPLACE INTO volatile_links (url, expires_at, provider) VALUES (?, ?, ?)...

[Redis] Queue connected to External instance

[SoundCloud] Fetching fresh client_id...

[Redis] MetadataCache connected to External instance

[SpotifyAI] Gemini error (gemini-1.5-flash): client.getGenerativeModel is not a function
[SpotifyAI] Gemini error (gemini-1.5-pro): client.getGenerativeModel is not a function

[Info] [global] Starting getVideoInfo for: https://youtube.com/watch?v=nTbA7qrEsP0

[Info] Resolved URL: https://youtube.com/watch?v=nTbA7qrEsP0

            </system-out>
        </testcase>
        <testcase classname="tests/extractors/spotify_extractor.test.ts" name="Spotify Extractor (Mocked) &gt; should return null for non-existent tracks (404)" time="0.028501562">
            <system-out>
[MockDB] Executing: SELECT * FROM spotify_mappings WHERE url = ?...

            </system-out>
            <system-err>
[JS-Spotify] Error extracting https://open.spotify.com/track/error404: Metadata fetch failed: All providers returned null

            </system-err>
        </testcase>
    </testsuite>
    <testsuite name="tests/extractors/tiktok_extractor.test.ts" timestamp="2026-05-24T10:06:58.889Z" hostname="localhost" tests="4" failures="0" errors="0" skipped="0" time="0.617248438">
        <testcase classname="tests/extractors/tiktok_extractor.test.ts" name="TikTok JS Extractor (Data-Driven) &gt; should extract metadata for &apos;Standard Video&apos;" time="0.419039583">
            <system-out>
[Assert] Verified tiktok logic flow.

            </system-out>
        </testcase>
        <testcase classname="tests/extractors/tiktok_extractor.test.ts" name="TikTok JS Extractor (Data-Driven) &gt; should extract metadata for &apos;Non-existent Video (404)&apos;" time="0.041676042">
        </testcase>
        <testcase classname="tests/extractors/tiktok_extractor.test.ts" name="TikTok JS Extractor (Data-Driven) &gt; should extract metadata for &apos;Malformed Response&apos;" time="0.037973438">
        </testcase>
        <testcase classname="tests/extractors/tiktok_extractor.test.ts" name="TikTok JS Extractor (Data-Driven) &gt; should correctly expand short URLs to full tiktok.com URLs" time="0.055686979">
        </testcase>
    </testsuite>
    <testsuite name="tests/extractors/youtube_resolution.test.ts" timestamp="2026-05-24T10:06:58.893Z" hostname="localhost" tests="1" failures="0" errors="0" skipped="0" time="9.907293748">
        <testcase classname="tests/extractors/youtube_resolution.test.ts" name="Resolution Persistence Test &gt; should return processed HD formats through the fast-path" time="9.850328644">
            <system-out>
[Info] [global] Starting getVideoInfo for: https://www.youtube.com/watch?v=nTbA7qrEsP0

[Info] Resolved URL: https://www.youtube.com/watch?v=nTbA7qrEsP0

[Redis] Queue connected to External instance

[Metadata] Early hit: &quot;THIS IS 4K ANIME | YOUR NAME 2160P 60FPS&quot; by &quot;ash360ae&quot;
[Info] Progress: extracting Metadata found

            </system-out>
        </testcase>
    </testsuite>
    <testsuite name="tests/flows/engine.test.ts" timestamp="2026-05-24T10:06:58.896Z" hostname="localhost" tests="2" failures="0" errors="0" skipped="0" time="3.222890624">
        <testcase classname="tests/flows/engine.test.ts" name="engine &gt; verify &apos;YouTube Shorts&apos;" time="0.245826562">
            <system-out>
[Info] [global] Starting getVideoInfo for: https://www.youtube.com/shorts/aqz-KE-bpKQ

[Info] Resolved URL: https://www.youtube.com/shorts/aqz-KE-bpKQ

[engine] Big Buck Bunny ok (232.69ms)

            </system-out>
        </testcase>
        <testcase classname="tests/flows/engine.test.ts" name="engine &gt; verify &apos;Spotify: Pag-ibig Na Kay Ganda - Spri…&apos;" time="2.921931249">
            <system-out>
[Info] [global] Starting getVideoInfo for: https://open.spotify.com/track/2zo9LbUgrZZvUxVLp9DbiJ?si=7eecb0680e9547a7

[Info] Resolved URL: https://open.spotify.com/track/2zo9LbUgrZZvUxVLp9DbiJ

[MockDB] Executing: 
                CREATE TABLE IF NOT EXISTS spotify_mappings (
                    url TEXT PRIMARY ...

[MockDB] Executing: CREATE INDEX IF NOT EXISTS idx_spotify_isrc ON spotify_mappings(isrc)...

[MockDB] Executing: CREATE INDEX IF NOT EXISTS idx_spotify_youtube ON spotify_mappings(youtubeUrl)...

[Turso] Database initialized.

[MockDB] Executing: SELECT * FROM spotify_mappings WHERE url = ?...

[Info] Progress: initializing Refreshing 30s preview...

[Info] Progress: initializing Preview Refreshed
[MockDB] Executing: UPDATE spotify_mappings SET previewUrl = ? WHERE url = ?...

[Info] Progress: initializing Staging Multi-Source Search...
[Info] Progress: initializing Running ISRC Quantum Matcher...
[Info] Progress: initializing Consulting Odesli API...

[Info] [global] Starting getVideoInfo for: https://youtube.com/watch?v=nTbA7qrEsP0

[Info] Resolved URL: https://youtube.com/watch?v=nTbA7qrEsP0

[Info] [global] Starting getVideoInfo for: https://open.spotify.com/track/2zo9LbUgrZZvUxVLp9DbiJ?si=7eecb0680e9547a7

[Info] Resolved URL: https://open.spotify.com/track/2zo9LbUgrZZvUxVLp9DbiJ

[Info] Progress: initializing Race Completed.

[Response] Sending Preview: https://example.com/preview.mp3...

[engine] Pag-ibig Na Kay Ganda ok (2918.47ms)

            </system-out>
        </testcase>
    </testsuite>
    <testsuite name="tests/flows/jit_refresh.test.ts" timestamp="2026-05-24T10:06:58.905Z" hostname="localhost" tests="3" failures="0" errors="0" skipped="0" time="0.496621354">
        <testcase classname="tests/flows/jit_refresh.test.ts" name="JIT Refresh Logic &gt; should refresh expiring Deezer links" time="0.343065625">
        </testcase>
        <testcase classname="tests/flows/jit_refresh.test.ts" name="JIT Refresh Logic &gt; should refresh expiring iTunes links" time="0.073759375">
        </testcase>
        <testcase classname="tests/flows/jit_refresh.test.ts" name="JIT Refresh Logic &gt; should ignore static CDNs" time="0.003868229">
        </testcase>
    </testsuite>
    <testsuite name="tests/flows/live.test.ts" timestamp="2026-05-24T10:06:58.909Z" hostname="localhost" tests="2" failures="0" errors="0" skipped="0" time="9.113567186">
        <testcase classname="tests/flows/live.test.ts" name="live monitoring &gt; check &apos;YouTube: 4K Official Short&apos;" time="6.514405208">
            <system-out>
[Info] [global] Starting getVideoInfo for: https://www.youtube.com/watch?v=vPwaXytZcgI

[Info] Resolved URL: https://www.youtube.com/watch?v=vPwaXytZcgI

[Info] Progress: fetching_info Metadata parsed

[Metadata] Early hit: &quot;TWICE “SCIENTIST” M/V&quot; by &quot;cereenn_5&quot;
[Info] Progress: extracting Metadata found

[live] Awit Ng Bayan (Mocked) ok (6.50s)

            </system-out>
        </testcase>
        <testcase classname="tests/flows/live.test.ts" name="live monitoring &gt; check &apos;Spotify: Pag-ibig Na Kay Ganda - Spri…&apos;" time="2.581242187">
            <system-out>
[Info] [global] Starting getVideoInfo for: https://open.spotify.com/track/2zo9LbUgrZZvUxVLp9DbiJ?si=7eecb0680e9547a7

[Info] Resolved URL: https://open.spotify.com/track/2zo9LbUgrZZvUxVLp9DbiJ

[MockDB] Executing: 
                CREATE TABLE IF NOT EXISTS spotify_mappings (
                    url TEXT PRIMARY ...

[MockDB] Executing: CREATE INDEX IF NOT EXISTS idx_spotify_isrc ON spotify_mappings(isrc)...

[MockDB] Executing: CREATE INDEX IF NOT EXISTS idx_spotify_youtube ON spotify_mappings(youtubeUrl)...

[Turso] Database initialized.

[MockDB] Executing: SELECT * FROM spotify_mappings WHERE url = ?...

[Info] Progress: initializing Consulting Spotify API...

[Info] Progress: initializing Falling back to multi-source race...

[Info] Progress: initializing Metadata locked.

[Info] Progress: initializing Refreshing 30s preview...

Ignored: This operation was aborted
[Soundcharts] Request failed: This operation was aborted

[Info] Progress: initializing Preview Refreshed
[MockDB] Executing: UPDATE spotify_mappings SET previewUrl = ? WHERE url = ?...

[MockDB] Executing: INSERT OR REPLACE INTO volatile_links (url, expires_at, provider) VALUES (?, ?, ?)...

[Assert] Verified spotify logic flow.
[live] Pag-Ibig Na Kay Ganda ok (2.57s)

[Info] Progress: initializing Staging Multi-Source Search...
[Info] Progress: initializing Running ISRC Quantum Matcher...
[Info] Progress: initializing Consulting Odesli API...

            </system-out>
            <system-err>
[Spotify-API] Error: Spotify auth failed: 400 - {&quot;error&quot;:&quot;invalid_client&quot;,&quot;error_description&quot;:&quot;Invalid client&quot;}

            </system-err>
        </testcase>
    </testsuite>
    <testsuite name="tests/flows/sse_realtime.test.ts" timestamp="2026-05-24T10:06:58.926Z" hostname="localhost" tests="1" failures="0" errors="0" skipped="0" time="4.311460937">
        <testcase classname="tests/flows/sse_realtime.test.ts" name="SSE Realtime Regression &gt; should capture expected SSE events during extraction" time="4.20570625">
            <system-out>
[Info] [global] Starting getVideoInfo for: https://vt.tiktok.com/ZS123456/
[Info] Expanding URL: https://vt.tiktok.com/ZS123456/

[Info] Resolved URL: https://www.tiktok.com/?_r=1

[Info] Progress: fetching_info Scanning Test...

[Proxy] Volatile platform detected. Storing as Base64 (image/jpeg)

Captured statuses: [ &apos;Expanding short-links...&apos;, &apos;Scanning Test...&apos; ]

            </system-out>
        </testcase>
    </testsuite>
    <testsuite name="tests/manual/facebook_reel_integration.test.ts" timestamp="2026-05-24T10:06:58.935Z" hostname="localhost" tests="1" failures="0" errors="0" skipped="0" time="1.666896354">
        <testcase classname="tests/manual/facebook_reel_integration.test.ts" name="Facebook Reel JS Extractor (Integration-style) &gt; should extract metadata and streams for a live Reel URL" time="1.635494792">
        </testcase>
    </testsuite>
    <testsuite name="tests/manual/metascraper_integration.test.ts" timestamp="2026-05-24T10:06:58.938Z" hostname="localhost" tests="4" failures="0" errors="0" skipped="0" time="2.213719792">
        <testcase classname="tests/manual/metascraper_integration.test.ts" name="Metascraper Integration &gt; should fetch metadata for a generic URL" time="1.903688021">
        </testcase>
        <testcase classname="tests/manual/metascraper_integration.test.ts" name="Metascraper Integration &gt; should prioritize metascraper data in social normalization" time="0.006381771">
        </testcase>
        <testcase classname="tests/manual/metascraper_integration.test.ts" name="Metascraper Integration &gt; should fallback to yt-dlp data if metascraper data is missing" time="0.002132813">
        </testcase>
        <testcase classname="tests/manual/metascraper_integration.test.ts" name="Metascraper Integration &gt; should use genericExtractor for unsupported URLs in getInfo" time="0.27389375">
        </testcase>
    </testsuite>
    <testsuite name="tests/manual/yt_speed.test.ts" timestamp="2026-05-24T10:06:58.945Z" hostname="localhost" tests="2" failures="0" errors="0" skipped="0" time="0.099597916">
        <testcase classname="tests/manual/yt_speed.test.ts" name="YouTube Extractor Speed &amp; Integrity &gt; should return metadata for a valid YouTube URL" time="0.009070312">
            <system-out>
[Test] YouTube Extraction took 2ms

            </system-out>
        </testcase>
        <testcase classname="tests/manual/yt_speed.test.ts" name="YouTube Extractor Speed &amp; Integrity &gt; should detect high resolutions (4K/1080p) on first hit" time="0.00752552">
            <system-out>
[Test] Discovered qualities: [ &apos;360p&apos;, &apos;1080p&apos; ]

            </system-out>
        </testcase>
    </testsuite>
    <testsuite name="tests/security/security_verification.test.ts" timestamp="2026-05-24T10:06:58.949Z" hostname="localhost" tests="3" failures="0" errors="0" skipped="0" time="0.430913021">
        <testcase classname="tests/security/security_verification.test.ts" name="Security Protections Verification &gt; Rate Limiting: blocks excessive requests to /info" time="0.006669271">
            <system-err>
[Test Skip] Server down at http://localhost:5000. Skipping rate limit test.

            </system-err>
        </testcase>
        <testcase classname="tests/security/security_verification.test.ts" name="Security Protections Verification &gt; Concurrency Guard: blocks simultaneous downloads from same IP" time="0.001854167">
            <system-err>
[Test Skip] Server down at http://localhost:5000. Skipping concurrency test.

            </system-err>
        </testcase>
        <testcase classname="tests/security/security_verification.test.ts" name="Security Protections Verification &gt; Stability: light requests (/ping) should NOT be subject to concurrency guard" time="0.000967708">
        </testcase>
    </testsuite>
    <testsuite name="tests/security/ssrf_integration.test.ts" timestamp="2026-05-24T10:06:58.956Z" hostname="localhost" tests="3" failures="0" errors="0" skipped="0" time="0.481211458">
        <testcase classname="tests/security/ssrf_integration.test.ts" name="SSRF Integration: pipeWebStream &gt; blocks request to 127.0.0.1" time="0.042591146">
        </testcase>
        <testcase classname="tests/security/ssrf_integration.test.ts" name="SSRF Integration: pipeWebStream &gt; blocks request to localtest.me" time="0.064102083">
        </testcase>
        <testcase classname="tests/security/ssrf_integration.test.ts" name="SSRF Integration: pipeWebStream &gt; allows request to a public domain (Google)" time="0.325827604">
            <system-out>
[Quantum-Undici] Creating new connection pool for: https://[2001:4860:482c:7700::]

[6:06:35 PM] [Quantum-Undici] 206 OK (0.0MB) -&gt; https://www.google.com/robots.txt...

            </system-out>
        </testcase>
    </testsuite>
    <testsuite name="tests/security/ssrf_security.test.ts" timestamp="2026-05-24T10:06:58.963Z" hostname="localhost" tests="2" failures="0" errors="0" skipped="0" time="0.05491875">
        <testcase classname="tests/security/ssrf_security.test.ts" name="SSRF Protection &gt; should block private IP ranges" time="0.018572916">
        </testcase>
        <testcase classname="tests/security/ssrf_security.test.ts" name="SSRF Protection &gt; should allow public IP ranges" time="0.004304167">
        </testcase>
    </testsuite>
</testsuites>
