<?xml version="1.0" encoding="UTF-8" ?>
<testsuites name="vitest tests" tests="240" failures="0" errors="0" time="42.004441478">
    <testsuite name="tests/api/auth.test.ts" timestamp="2026-05-29T11:12:36.657Z" hostname="57da4ab8adf1" tests="6" failures="0" errors="0" skipped="0" time="0.164181936">
        <testcase classname="tests/api/auth.test.ts" name="inbound API key auth &gt; is disabled when API_KEY is unset" time="0.083283432">
            <system-out>
[11:11:57] [fab69a97] GET /proxy

            </system-out>
        </testcase>
        <testcase classname="tests/api/auth.test.ts" name="inbound API key auth &gt; returns 401 for a remote request with no key" time="0.016532354">
            <system-out>
[11:11:57] [6377887a] GET /proxy

            </system-out>
        </testcase>
        <testcase classname="tests/api/auth.test.ts" name="inbound API key auth &gt; returns 401 for a wrong key" time="0.014485487">
            <system-out>
[11:11:57] [ea17ea5a] GET /proxy

            </system-out>
        </testcase>
        <testcase classname="tests/api/auth.test.ts" name="inbound API key auth &gt; accepts a correct key header (then hits the 403 sig gate)" time="0.010397848">
            <system-out>
[11:11:57] [c4f66be4] GET /proxy

            </system-out>
        </testcase>
        <testcase classname="tests/api/auth.test.ts" name="inbound API key auth &gt; accepts a correct ?key= query" time="0.013919193">
            <system-out>
[11:11:57] [1fa2d491] GET /proxy?key=secret

            </system-out>
        </testcase>
        <testcase classname="tests/api/auth.test.ts" name="inbound API key auth &gt; exempts localhost even with no key" time="0.013103858">
            <system-out>
[11:11:57] [dc1ba10d] GET /proxy

            </system-out>
        </testcase>
    </testsuite>
    <testsuite name="tests/api/basic.test.ts" timestamp="2026-05-29T11:12:36.661Z" hostname="57da4ab8adf1" tests="3" failures="0" errors="0" skipped="0" time="0.116606571">
        <testcase classname="tests/api/basic.test.ts" name="API Integration (Express Layer) &gt; GET /ping should return 200 pong" time="0.068044806">
        </testcase>
        <testcase classname="tests/api/basic.test.ts" name="API Integration (Express Layer) &gt; GET /health should return 200 with status ok" time="0.021288528">
            <system-out>
[11:12:09] [855ede3f] GET /health

            </system-out>
        </testcase>
        <testcase classname="tests/api/basic.test.ts" name="API Integration (Express Layer) &gt; GET /non-existent-route should return 404" time="0.013842999">
            <system-out>
[11:12:09] [be15e895] GET /api/v1/invalid

            </system-out>
        </testcase>
    </testsuite>
    <testsuite name="tests/api/convert_flush_headers.test.ts" timestamp="2026-05-29T11:12:36.662Z" hostname="57da4ab8adf1" tests="2" failures="0" errors="0" skipped="1" time="0.626868519">
        <testcase classname="tests/api/convert_flush_headers.test.ts" name="/convert — flushHeaders for instant native popup &gt; calls res.flushHeaders() during /convert before stream finishes" time="0">
            <skipped/>
        </testcase>
        <testcase classname="tests/api/convert_flush_headers.test.ts" name="/convert — flushHeaders for instant native popup &gt; commits Content-Disposition before any body bytes are received" time="0.617462807">
            <system-out>
[11:10:50] [flushHdrClient2] GET /convert?url=https%3A%2F%2Fwww.youtube.com%2Fwatch%3Fv%3DflushHdr12345&amp;format=m4a&amp;formatId=140&amp;id=flushHdrClient2&amp;token=flushHdrClient2&amp;title=Flush%20Headers%20Test&amp;artist=Test

[Convert] Request received for: https://www.youtube.com/watch?v=flushHdr12345 (ID: flushHdrClient2)
[11:10:50 AM] [Turbo] Starting Server-Side muxing for: Flush Headers Test.m4a

[11:10:50 AM] [Turbo] Resolved target for download: https://www.youtube.com/watch?v=flushHdr12345
[Info] [flushHdrClient2] Starting getVideoInfo for: https://www.youtube.com/watch?v=flushHdr12345

[Info] Resolved URL: https://www.youtube.com/watch?v=flushHdr12345 (T+1ms)

[MetadataUtil] oEmbed fast-path failed for https://www.youtube.com/watch?v=flushHdr12345: Response code 400 (Bad Request)

[Timing] oEmbed fetch took 123ms (returned null)

[Info] JS race winner has only 1 formats (no 720p+); escalating to fallbackTask.
[Info] Fast metadata hit, returning partial info immediately.
[Info] [Background] JS produced only 1 formats (HD=false); escalating to yt-dlp speculative.
[Info] [Background] JS empty, awaiting speculative yt-dlp...
[Timing] /info handleYoutubeTiktokInfo returned in 541ms (isPartial=true)

[11:10:50 AM] [Turbo] Spawning stream download for: Flush Headers Test.m4a

[Download] [flushHdrClient2] Engine: yt-dlp | Platform: Youtube | URL: https://www.youtube.com/watch?v=flushHdr12345

[Streamer] Starting with client: tv (formatId=undefined)

[StreamUtil] First chunk received for client flushHdrClient2 (8612 bytes)

[StreamUtil] Stream closed for client flushHdrClient2 (Total: 0.0MB)
[11:10:50 AM] [Turbo] Client disconnected. Cleaning up stream for: flushHdrClient2

[YtdlpInfo] JSON parse error: Unexpected token &apos;I&apos;, &quot;ID3#&quot;... is not valid JSON

[Info] [Background] Speculative yt-dlp failed: yt-dlp returned no valid JSON

            </system-out>
            <system-err>
[Info] [Background] Speculative yt-dlp returned no info

            </system-err>
        </testcase>
    </testsuite>
    <testsuite name="tests/api/convert_happy_path.test.ts" timestamp="2026-05-29T11:12:36.663Z" hostname="57da4ab8adf1" tests="2" failures="0" errors="0" skipped="0" time="0.686305078">
        <testcase classname="tests/api/convert_happy_path.test.ts" name="/convert — happy path &gt; returns 200 with audio Content-Type and a non-empty body" time="0.6503267">
            <system-out>
[11:11:22] [happyDlClient] GET /convert?url=https%3A%2F%2Fwww.youtube.com%2Fwatch%3Fv%3DhappyDl12345&amp;format=m4a&amp;formatId=140&amp;id=happyDlClient&amp;token=happyDlClient&amp;title=Happy%20Path%20Test&amp;artist=Test%20Uploader

[Convert] Request received for: https://www.youtube.com/watch?v=happyDl12345 (ID: happyDlClient)
[11:11:22 AM] [Turbo] Starting Server-Side muxing for: Happy Path Test.m4a

[11:11:22 AM] [Turbo] Resolved target for download: https://www.youtube.com/watch?v=happyDl12345
[Info] [happyDlClient] Starting getVideoInfo for: https://www.youtube.com/watch?v=happyDl12345

[Info] Resolved URL: https://www.youtube.com/watch?v=happyDl12345 (T+1ms)

[MetadataUtil] oEmbed fast-path failed for https://www.youtube.com/watch?v=happyDl12345: Response code 404 (Not Found)

[Timing] oEmbed fetch took 132ms (returned null)

[Info] JS race winner has only 1 formats (no 720p+); escalating to fallbackTask.
[Info] Fast metadata hit, returning partial info immediately.
[Info] [Background] JS produced only 1 formats (HD=false); escalating to yt-dlp speculative.
[Info] [Background] JS empty, awaiting speculative yt-dlp...
[Timing] /info handleYoutubeTiktokInfo returned in 562ms (isPartial=true)

[11:11:22 AM] [Turbo] Spawning stream download for: Happy Path Test.m4a

[Download] [happyDlClient] Engine: yt-dlp | Platform: Youtube | URL: https://www.youtube.com/watch?v=happyDl12345

[Streamer] Starting with client: tv (formatId=undefined)

[StreamUtil] First chunk received for client happyDlClient (8612 bytes)

[StreamUtil] Stream closed for client happyDlClient (Total: 0.0MB)
[11:11:22 AM] [Turbo] Client disconnected. Cleaning up stream for: happyDlClient

[YtdlpInfo] JSON parse error: Unexpected token &apos;I&apos;, &quot;ID3#&quot;... is not valid JSON

[Info] [Background] Speculative yt-dlp failed: yt-dlp returned no valid JSON

            </system-out>
            <system-err>
[Info] [Background] Speculative yt-dlp returned no info

            </system-err>
        </testcase>
        <testcase classname="tests/api/convert_happy_path.test.ts" name="/convert — happy path &gt; rejects /convert with no url" time="0.025972525">
            <system-out>
[11:11:23] [5d768a3b] GET /convert

[Convert] Request received for: undefined (ID: undefined)

            </system-out>
            <system-err>
[Convert] Invalid URL: undefined

            </system-err>
        </testcase>
    </testsuite>
    <testsuite name="tests/api/convert_temp_file_e2e.test.ts" timestamp="2026-05-29T11:12:36.664Z" hostname="57da4ab8adf1" tests="1" failures="0" errors="0" skipped="0" time="1.547325244">
        <testcase classname="tests/api/convert_temp_file_e2e.test.ts" name="/convert E2E — temp file flow (Phase 1.5.7) &gt; downloads merge format via temp file and pipes real bytes to client" time="1.536853238">
            <system-out>
[11:11:18] [e2eMergeClient] GET /convert?url=https%3A%2F%2Fwww.youtube.com%2Fwatch%3Fv%3De2eMergeTest&amp;format=mp4&amp;formatId=137&amp;id=e2eMergeClient&amp;token=e2eMergeClient&amp;title=E2E%20Merge%20Test&amp;artist=Test

[Convert] Request received for: https://www.youtube.com/watch?v=e2eMergeTest (ID: e2eMergeClient)
[11:11:18 AM] [Turbo] Starting Server-Side muxing for: E2E Merge Test.mp4

[11:11:18 AM] [Turbo] Resolved target for download: https://www.youtube.com/watch?v=e2eMergeTest
[Info] [e2eMergeClient] Starting getVideoInfo for: https://www.youtube.com/watch?v=e2eMergeTest

[Info] Resolved URL: https://www.youtube.com/watch?v=e2eMergeTest (T+2ms)

[MetadataUtil] oEmbed fast-path failed for https://www.youtube.com/watch?v=e2eMergeTest: Response code 404 (Not Found)

[Timing] oEmbed fetch took 121ms (returned null)

[Info] JS race winner has only 1 formats (no 720p+); escalating to fallbackTask.
[Info] Fast metadata hit, returning partial info immediately.
[Info] [Background] JS produced only 1 formats (HD=true); escalating to yt-dlp speculative.
[Info] [Background] JS empty, awaiting speculative yt-dlp...
[Timing] /info handleYoutubeTiktokInfo returned in 618ms (isPartial=true)

[11:11:18 AM] [Turbo] Spawning stream download for: E2E Merge Test.mp4

[TurboMux] [e2eMergeClient] Refreshing URLs via tv...

[Info] [Background] Speculative yt-dlp failed: yt-dlp returned no valid JSON

[TurboMux] [e2eMergeClient] Failed: Command failed: yt-dlp -f 137+bestaudio --get-url --no-playlist --no-warnings --no-check-formats --extractor-args youtube:player-client=tv https://www.youtube.com/watch?v=e2eMergeTest
ERROR: [youtube] e2eMergeTes: Video unavailable


[Download] [e2eMergeClient] Engine: yt-dlp | Platform: Youtube | URL: https://www.youtube.com/watch?v=e2eMergeTest

[Streamer] Starting with client: tv (formatId=undefined) [temp file mode]

[StreamUtil] First chunk received for client e2eMergeClient (65536 bytes)

[StreamUtil] Stream closed for client e2eMergeClient (Total: 2.0MB)
[11:11:18 AM] [Turbo] Client disconnected. Cleaning up stream for: e2eMergeClient

            </system-out>
            <system-err>
[Info] [Background] Speculative yt-dlp returned no info

            </system-err>
        </testcase>
    </testsuite>
    <testsuite name="tests/api/keychanger.fuzz.test.ts" timestamp="2026-05-29T11:12:36.666Z" hostname="57da4ab8adf1" tests="1" failures="0" errors="0" skipped="0" time="0.121249323">
        <testcase classname="tests/api/keychanger.fuzz.test.ts" name="KeyChanger API - Fuzzing &amp; Corrupt Payloads &gt; POST /api/key-changer/convert should gracefully reject non-audio payloads without crashing" time="0.111871204">
            <system-out>
[11:12:33] [5ddf1329] POST /api/key-changer/convert

            </system-out>
            <system-err>
[KeyChanger] Conversion Error: ffmpeg exited with code 1: /home/circleci/project/backend/temp/uploads/1780053153255-corrupted_payload.mp3: Invalid argument


            </system-err>
        </testcase>
    </testsuite>
    <testsuite name="tests/api/keychanger.happy.test.ts" timestamp="2026-05-29T11:12:36.667Z" hostname="57da4ab8adf1" tests="1" failures="0" errors="0" skipped="0" time="0.195591174">
        <testcase classname="tests/api/keychanger.happy.test.ts" name="KeyChanger API - Happy Path &gt; POST /api/key-changer/convert should process audio file and return download URL" time="0.182660665">
            <system-out>
[11:12:35] [10a0cad4] POST /api/key-changer/convert

            </system-out>
        </testcase>
    </testsuite>
    <testsuite name="tests/api/keychanger.integration.test.ts" timestamp="2026-05-29T11:12:36.668Z" hostname="57da4ab8adf1" tests="4" failures="0" errors="0" skipped="0" time="0.142953338">
        <testcase classname="tests/api/keychanger.integration.test.ts" name="KeyChanger API Integration &gt; POST /api/key-changer/detect should return 400 if no file" time="0.084605001">
            <system-out>
[11:12:19] [8b08a297] POST /api/key-changer/detect

            </system-out>
        </testcase>
        <testcase classname="tests/api/keychanger.integration.test.ts" name="KeyChanger API Integration &gt; GET /api/key-changer/detect-processed/:filename should return 404 if not found" time="0.018273316">
            <system-out>
[11:12:19] [5e07f6b6] GET /api/key-changer/detect-processed/non-existent.mp3

            </system-out>
        </testcase>
        <testcase classname="tests/api/keychanger.integration.test.ts" name="KeyChanger API Integration &gt; POST /api/key-changer/convert should return 400 if no file" time="0.015397739">
            <system-out>
[11:12:19] [4dce59c3] POST /api/key-changer/convert

            </system-out>
        </testcase>
        <testcase classname="tests/api/keychanger.integration.test.ts" name="KeyChanger API Integration &gt; GET /api/key-changer/download/:filename should return 404 if not found" time="0.013574133">
            <system-out>
[11:12:19] [e2fb9390] GET /api/key-changer/download/non-existent.mp3

            </system-out>
        </testcase>
    </testsuite>
    <testsuite name="tests/api/proxy_signed_e2e.test.ts" timestamp="2026-05-29T11:12:36.669Z" hostname="57da4ab8adf1" tests="2" failures="0" errors="0" skipped="0" time="0.094045731">
        <testcase classname="tests/api/proxy_signed_e2e.test.ts" name="signed /proxy end-to-end &gt; streams a validly signed proxy URL" time="0.065068573">
            <system-out>
[11:11:49] [3f030ff1] GET /proxy?targetUrl=https%3A%2F%2Fyoutube.com%2Fwatch%3Fv%3Dabc&amp;formatId=22&amp;ext=mp4&amp;rawUrl=https%3A%2F%2Fr1.googlevideo.com%2Fvideoplayback%3Fid%3Dxyz%26n%3Dabc&amp;exp=1780074709941&amp;sig=Rz21EeDHpqXA9PVuSqz_IKTZh-oHXf5tejscx5fUYTw

            </system-out>
        </testcase>
        <testcase classname="tests/api/proxy_signed_e2e.test.ts" name="signed /proxy end-to-end &gt; blocks a tampered signature before fetching upstream" time="0.019065374">
            <system-out>
[11:11:50] [4600ec3d] GET /proxy?targetUrl=https%3A%2F%2Fyoutube.com%2Fwatch%3Fv%3Dabc&amp;formatId=22&amp;ext=mp4&amp;rawUrl=https%3A%2F%2Fr1.googlevideo.com%2Fvideoplayback%3Fid%3Dxyz%26n%3Dabc&amp;exp=1780074710005&amp;sig=forged

            </system-out>
        </testcase>
    </testsuite>
    <testsuite name="tests/api/remix.integration.test.ts" timestamp="2026-05-29T11:12:36.670Z" hostname="57da4ab8adf1" tests="4" failures="0" errors="0" skipped="0" time="0.130932011">
        <testcase classname="tests/api/remix.integration.test.ts" name="Remix API Integration &gt; POST /api/remix/register-engine should return 400 for missing data" time="0.068860007">
            <system-out>
[11:12:22] [c226e5e2] POST /api/remix/register-engine
[Engine] Registration attempt: session=undefined url=undefined

            </system-out>
            <system-err>
[Engine] Registration failed: Missing url or session_id

            </system-err>
        </testcase>
        <testcase classname="tests/api/remix.integration.test.ts" name="Remix API Integration &gt; GET /api/remix/engine-status should return error if no session_id" time="0.014829466">
            <system-out>
[11:12:22] [39863c7f] GET /api/remix/engine-status

            </system-out>
        </testcase>
        <testcase classname="tests/api/remix.integration.test.ts" name="Remix API Integration &gt; POST /api/remix/process should return 400 if no engine registered" time="0.025821447">
            <system-out>
[11:12:22] [2eb518ee] POST /api/remix/process

[Process] Request received: engine=undefined stems=undefined session_id=unknown
[Process] Engine lookup: session_id=unknown -&gt; url=undefined

            </system-out>
            <system-err>
[Process] Failed: No engine mapped for session unknown

            </system-err>
        </testcase>
        <testcase classname="tests/api/remix.integration.test.ts" name="Remix API Integration &gt; GET /api/remix/history should return history (empty initially)" time="0.011990849">
            <system-out>
[11:12:22] [36deec79] GET /api/remix/history

[MockDB] Executing: SELECT * FROM remix_history ORDER BY created_at DESC LIMIT 15...

            </system-out>
        </testcase>
    </testsuite>
    <testsuite name="tests/api/sse_compression_bypass.test.ts" timestamp="2026-05-29T11:12:36.672Z" hostname="57da4ab8adf1" tests="1" failures="0" errors="0" skipped="0" time="0.143293232">
        <testcase classname="tests/api/sse_compression_bypass.test.ts" name="SSE compression bypass — events arrive promptly &gt; delivers an SSE event within 500ms of sendEvent (i.e. not buffered by compression)" time="0.120178926">
            <system-out>
[11:11:36] [compression-test-client] GET /events?id=compression-test-client
[SSE] Client connecting: compression-test-client

            </system-out>
        </testcase>
    </testsuite>
    <testsuite name="tests/api/video.integration.test.ts" timestamp="2026-05-29T11:12:36.672Z" hostname="57da4ab8adf1" tests="11" failures="0" errors="0" skipped="0" time="1.861953994">
        <testcase classname="tests/api/video.integration.test.ts" name="Video API Integration &gt; GET /ping should return pong" time="0.072570401">
        </testcase>
        <testcase classname="tests/api/video.integration.test.ts" name="Video API Integration &gt; GET /health should return 200 ok" time="0.022069032">
            <system-out>
[11:11:42] [d3478a84] GET /health

            </system-out>
        </testcase>
        <testcase classname="tests/api/video.integration.test.ts" name="Video API Integration &gt; GET /info should return 400 for missing URL" time="0.018519984">
            <system-out>
[11:11:42] [3fd43e85] GET /info

            </system-out>
        </testcase>
        <testcase classname="tests/api/video.integration.test.ts" name="Video API Integration &gt; GET /info should return metadata for valid YouTube URL (Mocked via MSW)" time="1.569217524">
            <system-out>
[11:11:42] [67af367b] GET /info?url=https%3A%2F%2Fwww.youtube.com%2Fwatch%3Fv%3DnTbA7qrEsP0

[Info] [67af367b] Starting getVideoInfo for: https://www.youtube.com/watch?v=nTbA7qrEsP0

[Info] Resolved URL: https://www.youtube.com/watch?v=nTbA7qrEsP0 (T+0ms)

[Info] Progress: fetching_info Decrypting streams...

[Info] Progress: fetching_info Metadata parsed

[Timing] oEmbed fetch took 140ms (returned data)

[Metadata] Early hit: &quot;THIS IS 4K ANIME | YOUR NAME 2160P 60FPS&quot; by &quot;Ash Edits&quot; (T+147ms from getInfo start, dispatch prep 6ms, wall-clock 1531ms)
[Info] Progress: extracting Metadata found

[Timing] /info handleYoutubeTiktokInfo returned in 1547ms (isPartial=false)

            </system-out>
        </testcase>
        <testcase classname="tests/api/video.integration.test.ts" name="Video API Integration &gt; GET /info should return metadata for valid Spotify URL (Mocked via MSW)" time="0.050335022">
            <system-out>
[11:11:43] [948b6875] GET /info?url=https%3A%2F%2Fopen.spotify.com%2Ftrack%2FnTbA7qrEsP0

[Info] [948b6875] Starting getVideoInfo for: https://open.spotify.com/track/nTbA7qrEsP0

[Info] Resolved URL: https://open.spotify.com/track/nTbA7qrEsP0 (T+0ms)

[MockDB] Executing: SELECT * FROM spotify_mappings WHERE url = ?...

[Info] Progress: initializing Consulting Spotify API...

[Info] Progress: initializing Falling back to multi-source race...

[Info] Progress: initializing Metadata locked.

[Info] Progress: initializing Refreshing 30s preview...

[Info] Progress: initializing Preview Refreshed

[MockDB] Executing: UPDATE spotify_mappings SET previewUrl = ? WHERE url = ?...

[MockDB] Executing: INSERT OR REPLACE INTO volatile_links (url, expires_at, provider) VALUES (?, ?, ?)...

[Response] Sending Preview: https://p.scdn.co/mp3-preview/mocked...

[Info] Progress: initializing Staging Multi-Source Search...
[Info] Progress: initializing Running ISRC Quantum Matcher...
[Info] Progress: initializing Consulting Odesli API...

[Info] Progress: initializing Race Completed.

            </system-out>
        </testcase>
        <testcase classname="tests/api/video.integration.test.ts" name="Video API Integration &gt; POST /telemetry should return 204" time="0.023050396">
            <system-out>
[11:11:43] [9e7b886a] POST /telemetry

[11:11:43 AM] [EME] Client-Side Handshake: test

            </system-out>
        </testcase>
        <testcase classname="tests/api/video.integration.test.ts" name="Video API Integration &gt; GET /proxy should return 403 for an unsigned request" time="0.019003323">
            <system-out>
[11:11:43] [d65c4b4a] GET /proxy

            </system-out>
        </testcase>
        <testcase classname="tests/api/video.integration.test.ts" name="Video API Integration &gt; GET /proxy should return 403 for a forged signature" time="0.015497695">
            <system-out>
[11:11:43] [376a8c97] GET /proxy?targetUrl=https%3A%2F%2Fyoutube.com&amp;formatId=18&amp;exp=99999999999999&amp;sig=forged

            </system-out>
        </testcase>
        <testcase classname="tests/api/video.integration.test.ts" name="Video API Integration &gt; POST /telemetry should reject bodies over the 1mb cap" time="0.034668721">
            <system-out>
[11:11:43] [e53e15a2] POST /telemetry

            </system-out>
            <system-err>
[Global Error] PayloadTooLargeError: request entity too large
    at readStream [90m(/home/circleci/project/backend/[39mnode_modules/[4mraw-body[24m/index.js:163:17[90m)[39m
    at getRawBody [90m(/home/circleci/project/backend/[39mnode_modules/[4mraw-body[24m/index.js:116:12[90m)[39m
    at read [90m(/home/circleci/project/backend/[39mnode_modules/[4mbody-parser[24m/lib/read.js:113:3[90m)[39m
    at jsonParser [90m(/home/circleci/project/backend/[39mnode_modules/[4mbody-parser[24m/lib/types/json.js:88:5[90m)[39m
    at Layer.handleRequest [90m(/home/circleci/project/backend/[39mnode_modules/[4mrouter[24m/lib/layer.js:152:17[90m)[39m
    at trimPrefix [90m(/home/circleci/project/backend/[39mnode_modules/[4mrouter[24m/index.js:342:13[90m)[39m
    at [90m/home/circleci/project/backend/[39mnode_modules/[4mrouter[24m/index.js:297:9
    at processParams [90m(/home/circleci/project/backend/[39mnode_modules/[4mrouter[24m/index.js:582:12[90m)[39m
    at next [90m(/home/circleci/project/backend/[39mnode_modules/[4mrouter[24m/index.js:291:5[90m)[39m
    at [90m/home/circleci/project/backend/[39msrc/app.ts:237:3 {
  expected: [33m1100012[39m,
  length: [33m1100012[39m,
  limit: [33m1048576[39m,
  type: [32m&apos;entity.too.large&apos;[39m
}

            </system-err>
        </testcase>
        <testcase classname="tests/api/video.integration.test.ts" name="Video API Integration &gt; GET /stream-urls should return 400 for missing url" time="0.014813642">
            <system-out>
[11:11:43] [6585a80b] GET /stream-urls

            </system-out>
        </testcase>
        <testcase classname="tests/api/video.integration.test.ts" name="Video API Integration &gt; POST /convert should return 400 for missing url" time="0.01284391">
            <system-out>
[Timing] oEmbed fetch took 127ms (returned data)

[Response] Sending Preview: https://p.scdn.co/mp3-preview/mocked...

[11:11:43] [78f10f1a] POST /convert

[Convert] Request received for: undefined (ID: undefined)

            </system-out>
            <system-err>
[Info] [Speed] Background resolution failed: [
  {
    &quot;code&quot;: &quot;too_small&quot;,
    &quot;minimum&quot;: 1,
    &quot;type&quot;: &quot;string&quot;,
    &quot;inclusive&quot;: true,
    &quot;exact&quot;: false,
    &quot;message&quot;: &quot;String must contain at least 1 character(s)&quot;,
    &quot;path&quot;: [
      &quot;spotifyMetadata&quot;,
      &quot;thumbnail&quot;
    ]
  },
  {
    &quot;code&quot;: &quot;custom&quot;,
    &quot;message&quot;: &quot;Must be a valid URL, data URI, or absolute path&quot;,
    &quot;path&quot;: [
      &quot;spotifyMetadata&quot;,
      &quot;thumbnail&quot;
    ]
  }
]

[Convert] Invalid URL: undefined

            </system-err>
        </testcase>
    </testsuite>
    <testsuite name="tests/extractors/facebook_extractor.test.ts" timestamp="2026-05-29T11:12:36.678Z" hostname="57da4ab8adf1" tests="4" failures="0" errors="0" skipped="0" time="0.688868028">
        <testcase classname="tests/extractors/facebook_extractor.test.ts" name="Facebook JS Extractor (Data-Driven) &gt; should extract metadata for &apos;Facebook Reel&apos;" time="0.432187369">
            <system-out>
[Assert] Verified facebook logic flow.

            </system-out>
        </testcase>
        <testcase classname="tests/extractors/facebook_extractor.test.ts" name="Facebook JS Extractor (Data-Driven) &gt; should extract metadata for &apos;Non-existent Video (404)&apos;" time="0.005004775">
        </testcase>
        <testcase classname="tests/extractors/facebook_extractor.test.ts" name="Facebook JS Extractor (Data-Driven) &gt; should extract metadata for &apos;Malformed HTML&apos;" time="0.006015798">
        </testcase>
        <testcase classname="tests/extractors/facebook_extractor.test.ts" name="Facebook JS Extractor (Data-Driven) &gt; should be able to initiate a stream (Pure JS Stream)" time="0.237789008">
        </testcase>
    </testsuite>
    <testsuite name="tests/extractors/facebook_reel.test.ts" timestamp="2026-05-29T11:12:36.680Z" hostname="57da4ab8adf1" tests="5" failures="0" errors="0" skipped="0" time="0.019404544">
        <testcase classname="tests/extractors/facebook_reel.test.ts" name="Facebook Reel JS Extractor &gt; should extract metadata from a Reel URL with mocked HTML" time="0.007152171">
        </testcase>
        <testcase classname="tests/extractors/facebook_reel.test.ts" name="Facebook Reel JS Extractor &gt; should filter out DASH segments and audio-only streams" time="0.001836326">
        </testcase>
        <testcase classname="tests/extractors/facebook_reel.test.ts" name="Facebook Reel JS Extractor &gt; should isolate correct video in preloaded feed and extract split streams" time="0.000862608">
        </testcase>
        <testcase classname="tests/extractors/facebook_reel.test.ts" name="Facebook Reel JS Extractor &gt; should correctly categorize split DASH components" time="0.000948982">
        </testcase>
        <testcase classname="tests/extractors/facebook_reel.test.ts" name="Facebook Reel JS Extractor &gt; should ignore unrelated formats in the same script block" time="0.00079407">
        </testcase>
    </testsuite>
    <testsuite name="tests/extractors/facebook_stories.test.ts" timestamp="2026-05-29T11:12:36.681Z" hostname="57da4ab8adf1" tests="3" failures="0" errors="0" skipped="0" time="0.020999909">
        <testcase classname="tests/extractors/facebook_stories.test.ts" name="Facebook Stories Extractor &gt; should detect story URLs and extract video metadata from JSON" time="0.007536571">
        </testcase>
        <testcase classname="tests/extractors/facebook_stories.test.ts" name="Facebook Stories Extractor &gt; should fallback gracefully when metadata is missing" time="0.002210048">
        </testcase>
        <testcase classname="tests/extractors/facebook_stories.test.ts" name="Facebook Stories Extractor &gt; should extract photo from an image-only story" time="0.001933813">
        </testcase>
    </testsuite>
    <testsuite name="tests/extractors/instagram_extractor.test.ts" timestamp="2026-05-29T11:12:36.682Z" hostname="57da4ab8adf1" tests="2" failures="0" errors="0" skipped="0" time="0.13965906">
        <testcase classname="tests/extractors/instagram_extractor.test.ts" name="Instagram JS Extractor (Data-Driven) &gt; should extract metadata for &apos;Instagram Reel&apos;" time="0.109916384">
            <system-out>
[Assert] Verified instagram logic flow.

            </system-out>
        </testcase>
        <testcase classname="tests/extractors/instagram_extractor.test.ts" name="Instagram JS Extractor (Data-Driven) &gt; should be able to initiate a stream (Pure JS Stream)" time="0.022010071">
        </testcase>
    </testsuite>
    <testsuite name="tests/extractors/spotify_extractor.test.ts" timestamp="2026-05-29T11:12:36.683Z" hostname="57da4ab8adf1" tests="2" failures="0" errors="0" skipped="0" time="1.243920285">
        <testcase classname="tests/extractors/spotify_extractor.test.ts" name="Spotify Extractor (Mocked) &gt; should parse metadata correctly using mocked data" time="1.230554626">
            <system-out>
[MockDB] Executing: 
                CREATE TABLE IF NOT EXISTS spotify_mappings (
                    url TEXT PRIMARY ...

[MockDB] Executing: CREATE INDEX IF NOT EXISTS idx_spotify_isrc ON spotify_mappings(isrc)...

[MockDB] Executing: CREATE INDEX IF NOT EXISTS idx_spotify_youtube ON spotify_mappings(youtubeUrl)...

[Turso] Database initialized.

[MockDB] Executing: SELECT * FROM spotify_mappings WHERE url = ?...

[MockDB] Executing: UPDATE spotify_mappings SET previewUrl = ? WHERE url = ?...

[MockDB] Executing: INSERT OR REPLACE INTO volatile_links (url, expires_at, provider) VALUES (?, ?, ?)...

[Redis] Queue connected to Local instance

[Redis] MetadataCache connected to Local instance

[SoundCloud] Fetching fresh client_id...

[Info] [global] Starting getVideoInfo for: https://youtube.com/watch?v=nTbA7qrEsP0

[Info] Resolved URL: https://youtube.com/watch?v=nTbA7qrEsP0 (T+0ms)

            </system-out>
        </testcase>
        <testcase classname="tests/extractors/spotify_extractor.test.ts" name="Spotify Extractor (Mocked) &gt; should return null for non-existent tracks (404)" time="0.005001566">
            <system-out>
[MockDB] Executing: SELECT * FROM spotify_mappings WHERE url = ?...

            </system-out>
            <system-err>
[JS-Spotify] Error extracting https://open.spotify.com/track/error404: Metadata fetch failed: All providers returned null

            </system-err>
        </testcase>
    </testsuite>
    <testsuite name="tests/extractors/tiktok_extractor.test.ts" timestamp="2026-05-29T11:12:36.685Z" hostname="57da4ab8adf1" tests="4" failures="0" errors="0" skipped="0" time="0.069111982">
        <testcase classname="tests/extractors/tiktok_extractor.test.ts" name="TikTok JS Extractor (Data-Driven) &gt; should extract metadata for &apos;Standard Video&apos;" time="0.046025056">
            <system-out>
[Assert] Verified tiktok logic flow.

            </system-out>
        </testcase>
        <testcase classname="tests/extractors/tiktok_extractor.test.ts" name="TikTok JS Extractor (Data-Driven) &gt; should extract metadata for &apos;Non-existent Video (404)&apos;" time="0.004078485">
        </testcase>
        <testcase classname="tests/extractors/tiktok_extractor.test.ts" name="TikTok JS Extractor (Data-Driven) &gt; should extract metadata for &apos;Malformed Response&apos;" time="0.003876332">
        </testcase>
        <testcase classname="tests/extractors/tiktok_extractor.test.ts" name="TikTok JS Extractor (Data-Driven) &gt; should correctly expand short URLs to full tiktok.com URLs" time="0.006638687">
        </testcase>
    </testsuite>
    <testsuite name="tests/extractors/youtube_resolution.test.ts" timestamp="2026-05-29T11:12:36.686Z" hostname="57da4ab8adf1" tests="1" failures="0" errors="0" skipped="0" time="1.344388806">
        <testcase classname="tests/extractors/youtube_resolution.test.ts" name="Resolution Persistence Test &gt; should return processed HD formats through the fast-path" time="1.335813202">
            <system-out>
[Info] [global] Starting getVideoInfo for: https://www.youtube.com/watch?v=nTbA7qrEsP0

[Info] Resolved URL: https://www.youtube.com/watch?v=nTbA7qrEsP0 (T+0ms)

[Redis] Queue connected to Local instance

[Timing] oEmbed fetch took 151ms (returned data)

[Metadata] Early hit: &quot;THIS IS 4K ANIME | YOUR NAME 2160P 60FPS&quot; by &quot;Ash Edits&quot; (T+168ms from getInfo start, dispatch prep 17ms, wall-clock 1319ms)
[Info] Progress: extracting Metadata found

[Timing] /info handleYoutubeTiktokInfo returned in 1331ms (isPartial=false)

            </system-out>
        </testcase>
    </testsuite>
    <testsuite name="tests/core/av1_filter.test.ts" timestamp="2026-05-29T11:12:36.687Z" hostname="57da4ab8adf1" tests="4" failures="0" errors="0" skipped="0" time="0.017829619">
        <testcase classname="tests/core/av1_filter.test.ts" name="AV1 filter: backend enforcement &gt; drops AV1 formats from processVideoFormats output by default" time="0.005656832">
        </testcase>
        <testcase classname="tests/core/av1_filter.test.ts" name="AV1 filter: backend enforcement &gt; preserves H.264 or VP9 1080p (one mp4 entry survives dedup)" time="0.001807449">
        </testcase>
        <testcase classname="tests/core/av1_filter.test.ts" name="AV1 filter: backend enforcement &gt; dropAV1Formats helper removes AV1 by vcodec prefix" time="0.00051646">
        </testcase>
        <testcase classname="tests/core/av1_filter.test.ts" name="AV1 filter: backend enforcement &gt; dropAV1Formats helper removes by formatId fallback" time="0.000471206">
        </testcase>
    </testsuite>
    <testsuite name="tests/core/cache_format_mismatch.test.ts" timestamp="2026-05-29T11:12:36.688Z" hostname="57da4ab8adf1" tests="4" failures="0" errors="0" skipped="0" time="1.022385048">
        <testcase classname="tests/core/cache_format_mismatch.test.ts" name="streamer disk-cache format-availability guard &gt; skips --load-info-json when cache lacks the requested formatId (Innertube-only)" time="0.205434737">
            <system-out>
[TurboMux] [global] Refreshing URLs via tv...

[TurboMux] [global] Failed: mock

[Download] [global] Engine: yt-dlp | Platform: Youtube | URL: https://www.youtube.com/watch?v=fmtMismatch

[Streamer] Starting with client: tv (formatId=96-20) [temp file mode]

            </system-out>
        </testcase>
        <testcase classname="tests/core/cache_format_mismatch.test.ts" name="streamer disk-cache format-availability guard &gt; still uses --load-info-json when cache HAS the requested formatId" time="0.202004635">
            <system-out>
[TurboMux] [global] Refreshing URLs via tv...

[TurboMux] [global] Failed: mock

[Download] [global] Engine: yt-dlp | Platform: Youtube | URL: https://www.youtube.com/watch?v=fmtMismatch

[Streamer] Starting with client: tv (formatId=18) [temp file mode]

            </system-out>
        </testcase>
        <testcase classname="tests/core/cache_format_mismatch.test.ts" name="streamer disk-cache format-availability guard &gt; skips --load-info-json when cache JSON is malformed" time="0.201863013">
            <system-out>
[TurboMux] [global] Refreshing URLs via tv...

[TurboMux] [global] Failed: mock

[Download] [global] Engine: yt-dlp | Platform: Youtube | URL: https://www.youtube.com/watch?v=fmtMismatch

[Streamer] Starting with client: tv (formatId=137) [temp file mode]

            </system-out>
        </testcase>
        <testcase classname="tests/core/cache_format_mismatch.test.ts" name="streamer disk-cache reactive retry &gt; retries without --load-info-json when stderr says format not available" time="0.40270895">
            <system-out>
[TurboMux] [global] Refreshing URLs via tv...

[TurboMux] [global] Failed: mock

[Download] [global] Engine: yt-dlp | Platform: Youtube | URL: https://www.youtube.com/watch?v=fmtMismatch

[Streamer] Starting with client: tv (formatId=18) [temp file mode]

[ytdlp] ERROR: [youtube] X: Requested format is not available
[Streamer] retryable error detected, rotating client...
[Streamer] Rotating to client: android_vr

            </system-out>
            <system-err>
[Streamer] yt-dlp exited with code 1. Stderr: ERROR: [youtube] X: Requested format is not available


            </system-err>
        </testcase>
    </testsuite>
    <testsuite name="tests/core/cache_format_pollution.test.ts" timestamp="2026-05-29T11:12:36.690Z" hostname="57da4ab8adf1" tests="3" failures="0" errors="0" skipped="0" time="0.416339027">
        <testcase classname="tests/core/cache_format_pollution.test.ts" name="cache pollution: raw yt-dlp format_id never leaks downstream &gt; runYtdlpInfo returns parsed VideoInfo with raw fields preserved on shape" time="0.005639404">
        </testcase>
        <testcase classname="tests/core/cache_format_pollution.test.ts" name="cache pollution: raw yt-dlp format_id never leaks downstream &gt; streamer never selects format with vcodec=none (storyboard) for video request" time="0.201421911">
            <system-out>
[Download] [global] Engine: yt-dlp | Platform: Youtube | URL: http://test.com

[Streamer] Starting with client: tv (formatId=300)

            </system-out>
        </testcase>
        <testcase classname="tests/core/cache_format_pollution.test.ts" name="cache pollution: raw yt-dlp format_id never leaks downstream &gt; streamer does NOT use libx264 for normalized avc1+mp4a format" time="0.201082551">
            <system-out>
[TurboMux] [global] Refreshing URLs via tv...

[TurboMux] [global] Failed: mock

[Download] [global] Engine: yt-dlp | Platform: Youtube | URL: http://test.com

[Streamer] Starting with client: tv (formatId=137) [temp file mode]

            </system-out>
        </testcase>
    </testsuite>
    <testsuite name="tests/core/cache_pollution_integration.test.ts" timestamp="2026-05-29T11:12:36.691Z" hostname="57da4ab8adf1" tests="4" failures="0" errors="0" skipped="0" time="0.47784297">
        <testcase classname="tests/core/cache_pollution_integration.test.ts" name="cache pollution: full chain integration &gt; cached formats[0] has camelCase formatId after yt-dlp slow-path" time="0.01139097">
            <system-out>
[Info] [global] Starting getVideoInfo for: https://www.youtube.com/watch?v=pollGuard11_1

[Info] Resolved URL: https://www.youtube.com/watch?v=pollGuard11_1 (T+1ms)

[Info] Falling back to slow-path (yt-dlp)...

[Timing] /info served from yt-dlp slow-path in 7ms

            </system-out>
        </testcase>
        <testcase classname="tests/core/cache_pollution_integration.test.ts" name="cache pollution: full chain integration &gt; every cached video format has formatId; no raw shape leaks" time="0.002207176">
            <system-out>
[Info] [global] Starting getVideoInfo for: https://www.youtube.com/watch?v=pollGuard11_2

[Info] Resolved URL: https://www.youtube.com/watch?v=pollGuard11_2 (T+0ms)

[Info] Falling back to slow-path (yt-dlp)...

[Timing] /info served from yt-dlp slow-path in 2ms

            </system-out>
        </testcase>
        <testcase classname="tests/core/cache_pollution_integration.test.ts" name="cache pollution: full chain integration &gt; streamDownload with cached info never invokes libx264 for avc1 source" time="0.253200891">
            <system-out>
[Info] [global] Starting getVideoInfo for: https://www.youtube.com/watch?v=pollGuard11_3

[Info] Resolved URL: https://www.youtube.com/watch?v=pollGuard11_3 (T+1ms)

[Info] Falling back to slow-path (yt-dlp)...

[Timing] /info served from yt-dlp slow-path in 2ms

[TurboMux] [global] Refreshing URLs via tv...

[TurboMux] [global] Failed: mock

[Download] [global] Engine: yt-dlp | Platform: Youtube | URL: https://www.youtube.com/watch?v=pollGuard11_3

[Streamer] Starting with client: tv (formatId=137) [temp file mode]

            </system-out>
        </testcase>
        <testcase classname="tests/core/cache_pollution_integration.test.ts" name="cache pollution: full chain integration &gt; matrix: common avc1 formatIds always trigger copy mode" time="0.202657372">
            <system-out>
[Info] [global] Starting getVideoInfo for: https://www.youtube.com/watch?v=pollGuard11_4

[Info] Resolved URL: https://www.youtube.com/watch?v=pollGuard11_4 (T+0ms)

[Info] Falling back to slow-path (yt-dlp)...

[Timing] /info served from yt-dlp slow-path in 1ms

[TurboMux] [global] Refreshing URLs via tv...

[TurboMux] [global] Failed: mock

[Download] [global] Engine: yt-dlp | Platform: Youtube | URL: https://www.youtube.com/watch?v=pollGuard11_4

[Streamer] Starting with client: tv (formatId=137) [temp file mode]

            </system-out>
        </testcase>
    </testsuite>
    <testsuite name="tests/core/chunked_fetcher.test.ts" timestamp="2026-05-29T11:12:36.693Z" hostname="57da4ab8adf1" tests="11" failures="0" errors="0" skipped="0" time="0.192011385">
        <testcase classname="tests/core/chunked_fetcher.test.ts" name="chunked-fetcher: cobalt parity &gt; 1. uses 8MB Range chunks with bytes=N-N+CHUNK format" time="0.028299013">
        </testcase>
        <testcase classname="tests/core/chunked_fetcher.test.ts" name="chunked-fetcher: cobalt parity &gt; 2. pre-flight HEAD calls transplant on 403 and retries" time="0.002572239">
        </testcase>
        <testcase classname="tests/core/chunked_fetcher.test.ts" name="chunked-fetcher: cobalt parity &gt; 2b. pre-flight HEAD bails after PREFLIGHT_HEAD_ATTEMPTS exhausted" time="0.002536798">
        </testcase>
        <testcase classname="tests/core/chunked_fetcher.test.ts" name="chunked-fetcher: cobalt parity &gt; 3. in-flight 403 only triggers transplant after debounce" time="0.046889134">
        </testcase>
        <testcase classname="tests/core/chunked_fetcher.test.ts" name="chunked-fetcher: cobalt parity &gt; 4. truncation guard aborts when received &lt; expected/2" time="0.005170572">
        </testcase>
        <testcase classname="tests/core/chunked_fetcher.test.ts" name="chunked-fetcher: cobalt parity &gt; 5. abort signal stops chunk loop mid-stream" time="0.008832207">
        </testcase>
        <testcase classname="tests/core/chunked_fetcher.test.ts" name="chunked-fetcher: cobalt parity &gt; 6. urlProvider is called fresh on each request" time="0.026066639">
        </testcase>
        <testcase classname="tests/core/chunked_fetcher.test.ts" name="chunked-fetcher: cobalt parity &gt; 7. youtube headers include referer/origin by default" time="0.000752614">
        </testcase>
        <testcase classname="tests/core/chunked_fetcher.test.ts" name="chunked-fetcher: cobalt parity &gt; 8. non-youtube service does not inject youtube headers" time="0.000717849">
        </testcase>
        <testcase classname="tests/core/chunked_fetcher.test.ts" name="chunked-fetcher: cobalt parity &gt; 9. accepts HTTP 206 Partial Content from chunk GETs" time="0.017528723">
        </testcase>
        <testcase classname="tests/core/chunked_fetcher.test.ts" name="chunked-fetcher: cobalt parity &gt; 10. debounce counter resets after transplant fires" time="0.043945831">
        </testcase>
    </testsuite>
    <testsuite name="tests/core/chunked_fetcher_integration.test.ts" timestamp="2026-05-29T11:12:36.696Z" hostname="57da4ab8adf1" tests="5" failures="0" errors="0" skipped="0" time="1.018622134">
        <testcase classname="tests/core/chunked_fetcher_integration.test.ts" name="streamer.tryChunkedFetch integration &gt; passes initial URL via urlProvider closure" time="0.203635841">
            <system-out>
[Streamer] [global] Engine: Chunked-Fetch | Platform: Youtube | URL: https://rr1.googlevideo.com/stale?expire=1...

[Streamer] [global] Chunked pre-flight OK; size=0.0MB

            </system-out>
        </testcase>
        <testcase classname="tests/core/chunked_fetcher_integration.test.ts" name="streamer.tryChunkedFetch integration &gt; transplant() refreshes URL via getVideoInfo re-extraction" time="0.201825901">
            <system-out>
[Streamer] [global] Engine: Chunked-Fetch | Platform: Youtube | URL: https://rr1.googlevideo.com/stale?expire=1...

[Streamer] [global] Chunked pre-flight OK; size=0.0MB

[Streamer] [global] Transplant successful, URL refreshed for format 140

            </system-out>
        </testcase>
        <testcase classname="tests/core/chunked_fetcher_integration.test.ts" name="streamer.tryChunkedFetch integration &gt; transplant rejects when format vanishes from fresh info" time="0.20307398">
            <system-out>
[Streamer] [global] Engine: Chunked-Fetch | Platform: Youtube | URL: https://rr1.googlevideo.com/stale?expire=1...

[Streamer] [global] Chunked pre-flight OK; size=0.0MB

            </system-out>
        </testcase>
        <testcase classname="tests/core/chunked_fetcher_integration.test.ts" name="streamer.tryChunkedFetch integration &gt; skips chunked path entirely for non-youtube services" time="0.200931483">
            <system-out>
[Download] [global] Engine: yt-dlp | Platform: Tiktok | URL: https://www.tiktok.com/@user/video/123

[Streamer] Starting with client: tv (formatId=140) [temp file mode]

            </system-out>
            <system-err>
[Streamer] fatal: Cannot read properties of undefined (reading &apos;on&apos;)

Unhandled Rejection at: TypeError: Cannot read properties of undefined (reading &apos;on&apos;)
    at handleYtdlpOutput [90m(/home/circleci/project/backend/[39msrc/services/ytdlp/ytdlp-process.ts:243:18[90m)[39m
    at [90m/home/circleci/project/backend/[39msrc/services/ytdlp/streamer.ts:490:7

            </system-err>
        </testcase>
        <testcase classname="tests/core/chunked_fetcher_integration.test.ts" name="streamer.tryChunkedFetch integration &gt; uses youtube service tag for header injection" time="0.200718254">
            <system-out>
[Streamer] [global] Engine: Chunked-Fetch | Platform: Youtube | URL: https://rr1.googlevideo.com/stale?expire=1...

[Streamer] [global] Chunked pre-flight OK; size=0.0MB

            </system-out>
        </testcase>
    </testsuite>
    <testsuite name="tests/core/chunked_fetcher_real_http.test.ts" timestamp="2026-05-29T11:12:36.698Z" hostname="57da4ab8adf1" tests="4" failures="0" errors="0" skipped="0" time="0.181713316">
        <testcase classname="tests/core/chunked_fetcher_real_http.test.ts" name="chunked-fetcher: real HTTP integration &gt; downloads multi-chunk file with full byte integrity" time="0.068124575">
        </testcase>
        <testcase classname="tests/core/chunked_fetcher_real_http.test.ts" name="chunked-fetcher: real HTTP integration &gt; handles real 206 Partial Content with correct Range slices" time="0.040048283">
        </testcase>
        <testcase classname="tests/core/chunked_fetcher_real_http.test.ts" name="chunked-fetcher: real HTTP integration &gt; transplant fires on real 403 HEAD and recovers" time="0.038442134">
        </testcase>
        <testcase classname="tests/core/chunked_fetcher_real_http.test.ts" name="chunked-fetcher: real HTTP integration &gt; aborts mid-stream releases connection cleanly" time="0.019826817">
        </testcase>
    </testsuite>
    <testsuite name="tests/core/cipher_randomization.test.ts" timestamp="2026-05-29T11:12:36.699Z" hostname="57da4ab8adf1" tests="5" failures="0" errors="0" skipped="0" time="0.015401549">
        <testcase classname="tests/core/cipher_randomization.test.ts" name="TLS Cipher Randomization &gt; changes cipher order on each call" time="0.003946185">
        </testcase>
        <testcase classname="tests/core/cipher_randomization.test.ts" name="TLS Cipher Randomization &gt; preserves total cipher count" time="0.00053741">
        </testcase>
        <testcase classname="tests/core/cipher_randomization.test.ts" name="TLS Cipher Randomization &gt; only shuffles top 8 ciphers" time="0.000826521">
        </testcase>
        <testcase classname="tests/core/cipher_randomization.test.ts" name="TLS Cipher Randomization &gt; top 8 contains same ciphers in different order" time="0.000493117">
        </testcase>
        <testcase classname="tests/core/cipher_randomization.test.ts" name="TLS Cipher Randomization &gt; startCipherRotation applies immediately" time="0.000504712">
        </testcase>
    </testsuite>
    <testsuite name="tests/core/client_rotation.test.ts" timestamp="2026-05-29T11:12:36.701Z" hostname="57da4ab8adf1" tests="3" failures="0" errors="0" skipped="0" time="2.120341429">
        <testcase classname="tests/core/client_rotation.test.ts" name="YouTube Client Rotation &gt; uses tv as first client" time="0.106135645">
            <system-out>
[Streamer] [global] Engine: Chunked-Fetch | Platform: Youtube | URL: https://rr1.googlevideo.com/test...

[Streamer] [global] Chunked fetch failed, falling back: DNS Lookup failed for hostname: rr1.googlevideo.com

[Streamer] Engine: Node-Fetch (Direct) | Platform: Youtube | URL: https://www.youtube.com/watch?v=testRotation

[Streamer] Direct fetch failed, falling back to yt-dlp process: mock: direct fetch unavailable

[Download] [global] Engine: yt-dlp | Platform: Youtube | URL: https://www.youtube.com/watch?v=testRotation

[Streamer] Starting with client: tv (formatId=140)

            </system-out>
            <system-err>
Unhandled Rejection at: TypeError: Cannot read properties of undefined (reading &apos;0&apos;)
    at [90m/home/circleci/project/backend/[39msrc/services/ytdlp/ytdlp-process.ts:385:20

            </system-err>
        </testcase>
        <testcase classname="tests/core/client_rotation.test.ts" name="YouTube Client Rotation &gt; rotates to next client on failure" time="0.501626888">
            <system-out>
[Streamer] [global] Engine: Chunked-Fetch | Platform: Youtube | URL: https://rr1.googlevideo.com/test...

[Streamer] [global] Chunked fetch failed, falling back: DNS Lookup failed for hostname: rr1.googlevideo.com

[Streamer] Engine: Node-Fetch (Direct) | Platform: Youtube | URL: https://www.youtube.com/watch?v=testRotation

[Streamer] Direct fetch failed, falling back to yt-dlp process: mock: direct fetch unavailable

[Download] [global] Engine: yt-dlp | Platform: Youtube | URL: https://www.youtube.com/watch?v=testRotation

[Streamer] Starting with client: tv (formatId=140)

            </system-out>
            <system-err>
[Streamer] fatal: ffmpeg.stderr.resume is not a function

Unhandled Rejection at: TypeError: ffmpeg.stderr.resume is not a function
    at handleYtdlpOutput [90m(/home/circleci/project/backend/[39msrc/services/ytdlp/ytdlp-process.ts:370:38[90m)[39m
    at [90m/home/circleci/project/backend/[39msrc/services/ytdlp/streamer.ts:490:7

            </system-err>
        </testcase>
        <testcase classname="tests/core/client_rotation.test.ts" name="YouTube Client Rotation &gt; includes all expected clients in rotation order" time="1.501532331">
            <system-out>
[Streamer] [global] Engine: Chunked-Fetch | Platform: Youtube | URL: https://rr1.googlevideo.com/test...

[Streamer] [global] Chunked fetch failed, falling back: DNS Lookup failed for hostname: rr1.googlevideo.com

[Streamer] Engine: Node-Fetch (Direct) | Platform: Youtube | URL: https://www.youtube.com/watch?v=testRotation

[Streamer] Direct fetch failed, falling back to yt-dlp process: mock: direct fetch unavailable

[Download] [global] Engine: yt-dlp | Platform: Youtube | URL: https://www.youtube.com/watch?v=testRotation

[Streamer] Starting with client: tv (formatId=140)

            </system-out>
            <system-err>
[Streamer] fatal: ffmpeg.stderr.resume is not a function

Unhandled Rejection at: TypeError: ffmpeg.stderr.resume is not a function
    at handleYtdlpOutput [90m(/home/circleci/project/backend/[39msrc/services/ytdlp/ytdlp-process.ts:370:38[90m)[39m
    at [90m/home/circleci/project/backend/[39msrc/services/ytdlp/streamer.ts:490:7

            </system-err>
        </testcase>
    </testsuite>
    <testsuite name="tests/core/contract.test.ts" timestamp="2026-05-29T11:12:36.703Z" hostname="57da4ab8adf1" tests="8" failures="0" errors="0" skipped="0" time="0.023396713">
        <testcase classname="tests/core/contract.test.ts" name="Media Contract Hardening &gt; FormatSchema &gt; should validate a valid format" time="0.005856172">
        </testcase>
        <testcase classname="tests/core/contract.test.ts" name="Media Contract Hardening &gt; FormatSchema &gt; should fail on invalid URL" time="0.001818923">
        </testcase>
        <testcase classname="tests/core/contract.test.ts" name="Media Contract Hardening &gt; SpotifyMetadataSchema &gt; should validate valid spotify metadata" time="0.000599569">
        </testcase>
        <testcase classname="tests/core/contract.test.ts" name="Media Contract Hardening &gt; SpotifyMetadataSchema &gt; should fail if artist is missing" time="0.001013658">
        </testcase>
        <testcase classname="tests/core/contract.test.ts" name="Media Contract Hardening &gt; VideoInfoSchema &gt; should validate valid video info" time="0.00168428">
        </testcase>
        <testcase classname="tests/core/contract.test.ts" name="Media Contract Hardening &gt; FinalResponseSchema &gt; should validate a complete final response" time="0.000546609">
        </testcase>
        <testcase classname="tests/core/contract.test.ts" name="Media Contract Hardening &gt; FinalResponseSchema &gt; should handle data URIs for images" time="0.000440458">
        </testcase>
        <testcase classname="tests/core/contract.test.ts" name="Media Contract Hardening &gt; FinalResponseSchema &gt; should fail on missing required fields" time="0.0005187">
        </testcase>
    </testsuite>
    <testsuite name="tests/core/conversion.test.ts" timestamp="2026-05-29T11:12:36.705Z" hostname="57da4ab8adf1" tests="1" failures="0" errors="0" skipped="0" time="0.018537274">
        <testcase classname="tests/core/conversion.test.ts" name="Conversion Engine (Automation Proof) &gt; should verify that we can detect a hanging stream" time="0.008633573">
        </testcase>
    </testsuite>
    <testsuite name="tests/core/convert_pipeline_throughput.test.ts" timestamp="2026-05-29T11:12:36.705Z" hostname="57da4ab8adf1" tests="1" failures="0" errors="0" skipped="0" time="0.838965328">
        <testcase classname="tests/core/convert_pipeline_throughput.test.ts" name="/convert — end-to-end pipeline throughput &gt; pipes 16MB end-to-end and logs MB/s + TTFB" time="0.807891802">
            <system-out>
[11:10:56] [throughputClient] GET /convert?url=https%3A%2F%2Fwww.youtube.com%2Fwatch%3Fv%3Dthroughput123&amp;format=m4a&amp;formatId=140&amp;id=throughputClient&amp;token=throughputClient&amp;title=Throughput%20Bench&amp;artist=Bench

[Convert] Request received for: https://www.youtube.com/watch?v=throughput123 (ID: throughputClient)
[11:10:56 AM] [Turbo] Starting Server-Side muxing for: Throughput Bench.m4a

[11:10:56 AM] [Turbo] Resolved target for download: https://www.youtube.com/watch?v=throughput123
[Info] [throughputClient] Starting getVideoInfo for: https://www.youtube.com/watch?v=throughput123

[Info] Resolved URL: https://www.youtube.com/watch?v=throughput123 (T+1ms)

[MetadataUtil] oEmbed fast-path failed for https://www.youtube.com/watch?v=throughput123: Response code 400 (Bad Request)

[Timing] oEmbed fetch took 113ms (returned null)

[Info] JS race winner has only 1 formats (no 720p+); escalating to fallbackTask.
[Info] Fast metadata hit, returning partial info immediately.
[Info] [Background] JS produced only 1 formats (HD=false); escalating to yt-dlp speculative.
[Info] [Background] JS empty, awaiting speculative yt-dlp...
[Timing] /info handleYoutubeTiktokInfo returned in 535ms (isPartial=true)

[11:10:56 AM] [Turbo] Spawning stream download for: Throughput Bench.m4a

[Download] [throughputClient] Engine: yt-dlp | Platform: Youtube | URL: https://www.youtube.com/watch?v=throughput123

[Streamer] Starting with client: tv (formatId=undefined)

[StreamUtil] First chunk received for client throughputClient (65536 bytes)

[YtdlpInfo] JSON parse error: Unexpected token &apos;&apos;, &quot;&quot;... is not valid JSON

[Info] [Background] Speculative yt-dlp failed: yt-dlp returned no valid JSON

[StreamUtil] Stream closed for client throughputClient (Total: 16.0MB)
[11:10:56 AM] [Turbo] Client disconnected. Cleaning up stream for: throughputClient

[Throughput][/convert] size=16MB total=804ms TTFB=614ms streamingOnly=176ms =&gt; wall=19.90 MB/s, stream=90.91 MB/s

            </system-out>
            <system-err>
[Info] [Background] Speculative yt-dlp returned no info

            </system-err>
        </testcase>
    </testsuite>
    <testsuite name="tests/core/cookie_bootstrap.test.ts" timestamp="2026-05-29T11:12:36.707Z" hostname="57da4ab8adf1" tests="4" failures="0" errors="0" skipped="0" time="0.020624386">
        <testcase classname="tests/core/cookie_bootstrap.test.ts" name="Cookie bootstrap (Phase 1.5.1) &gt; rewrites malformed &quot;Netscape NEW COKKIE&quot; header to &quot;Netscape HTTP Cookie File&quot;" time="0.007466982">
            <system-out>
[YtdlpConfig] Cookies fetched from remote

            </system-out>
        </testcase>
        <testcase classname="tests/core/cookie_bootstrap.test.ts" name="Cookie bootstrap (Phase 1.5.1) &gt; preserves valid &quot;Netscape HTTP Cookie File&quot; header unchanged" time="0.00148366">
            <system-out>
[YtdlpConfig] Cookies fetched from remote

            </system-out>
        </testcase>
        <testcase classname="tests/core/cookie_bootstrap.test.ts" name="Cookie bootstrap (Phase 1.5.1) &gt; skips download when content does not contain youtube.com (invalid cookies)" time="0.000780849">
        </testcase>
        <testcase classname="tests/core/cookie_bootstrap.test.ts" name="Cookie bootstrap (Phase 1.5.1) &gt; falls back to base URL when /youtube_cookies.txt returns 404" time="0.001337195">
            <system-out>
[YtdlpConfig] Cookies fetched from remote

            </system-out>
        </testcase>
    </testsuite>
    <testsuite name="tests/core/cookie_deduplication.test.ts" timestamp="2026-05-29T11:12:36.708Z" hostname="57da4ab8adf1" tests="3" failures="0" errors="0" skipped="0" time="0.618878646">
        <testcase classname="tests/core/cookie_deduplication.test.ts" name="Cookie deduplication (Phase 1.5.3) &gt; passes only ONE --cookies flag when both COMMON_ARGS and cookieArgs have it" time="0.205375728">
            <system-out>
[Download] [global] Engine: yt-dlp | Platform: Youtube | URL: https://www.youtube.com/watch?v=cookieDedupe

[Streamer] Starting with client: tv (formatId=22)

            </system-out>
        </testcase>
        <testcase classname="tests/core/cookie_deduplication.test.ts" name="Cookie deduplication (Phase 1.5.3) &gt; uses cookieArgs when COMMON_ARGS has no --cookies" time="0.201850424">
            <system-out>
[Download] [global] Engine: yt-dlp | Platform: Youtube | URL: https://www.youtube.com/watch?v=cookieDedupe

[Streamer] Starting with client: tv (formatId=22)

            </system-out>
        </testcase>
        <testcase classname="tests/core/cookie_deduplication.test.ts" name="Cookie deduplication (Phase 1.5.3) &gt; uses COMMON_ARGS cookies when cookieArgs is empty" time="0.201780145">
            <system-out>
[Download] [global] Engine: yt-dlp | Platform: Youtube | URL: https://www.youtube.com/watch?v=cookieDedupe

[Streamer] Starting with client: tv (formatId=22)

            </system-out>
        </testcase>
    </testsuite>
    <testsuite name="tests/core/direct_fetch_cookies.test.ts" timestamp="2026-05-29T11:12:36.710Z" hostname="57da4ab8adf1" tests="3" failures="0" errors="0" skipped="1" time="0.415993401">
        <testcase classname="tests/core/direct_fetch_cookies.test.ts" name="streamDownload Direct-fetch cookie passthrough &gt; attaches Cookie header for googlevideo URLs when cookies file is present" time="0">
            <skipped/>
        </testcase>
        <testcase classname="tests/core/direct_fetch_cookies.test.ts" name="streamDownload Direct-fetch cookie passthrough &gt; omits Cookie header for non-googlevideo URLs" time="0.205842151">
            <system-out>
[Streamer] [global] Engine: Chunked-Fetch | Platform: Youtube | URL: https://cdn.example.com/v.mp4...

[Streamer] [global] Chunked fetch failed, falling back: DNS Lookup failed for hostname: cdn.example.com

[Streamer] Engine: Node-Fetch (Direct) | Platform: Youtube | URL: https://example.com/test

            </system-out>
        </testcase>
        <testcase classname="tests/core/direct_fetch_cookies.test.ts" name="streamDownload Direct-fetch cookie passthrough &gt; omits Cookie header when no --cookies arg is passed" time="0.201396731">
            <system-out>
[Streamer] [global] Engine: Chunked-Fetch | Platform: Youtube | URL: https://rr5---sn-test.googlevideo.com/videoplayback?nocookie...

[Streamer] [global] Chunked fetch failed, falling back: DNS Lookup failed for hostname: rr5---sn-test.googlevideo.com

[Streamer] Engine: Node-Fetch (Direct) | Platform: Youtube | URL: https://www.youtube.com/watch?v=cookieTest3

            </system-out>
        </testcase>
    </testsuite>
    <testsuite name="tests/core/early_hit_details_strip.test.ts" timestamp="2026-05-29T11:12:36.711Z" hostname="57da4ab8adf1" tests="2" failures="0" errors="0" skipped="0" time="1.996026669">
        <testcase classname="tests/core/early_hit_details_strip.test.ts" name="reportProgress — early-hit details strip &gt; lifts early_metadata into metadata_update and clears details on the SSE event" time="1.130102307">
            <system-out>
[Info] [global] Starting getVideoInfo for: https://www.youtube.com/watch?v=testEarlyHit1

[Info] Resolved URL: https://www.youtube.com/watch?v=testEarlyHit1 (T+0ms)

[Redis] Queue connected to Local instance

[Timing] oEmbed fetch took 0ms (returned data)

[Metadata] Early hit: &quot;Real Title&quot; by &quot;Real Channel Name&quot; (T+16ms from getInfo start, dispatch prep 15ms, wall-clock 1118ms)
[Info] Progress: extracting Metadata found

[Info] JS race winner has only 1 formats (no 720p+); escalating to fallbackTask.
[Info] Fast metadata hit, returning partial info immediately.
[Info] [Background] JS produced only 1 formats (HD=false); escalating to yt-dlp speculative.
[Info] [Background] JS empty, awaiting speculative yt-dlp...
[Timing] /info handleYoutubeTiktokInfo returned in 1126ms (isPartial=true)

            </system-out>
        </testcase>
        <testcase classname="tests/core/early_hit_details_strip.test.ts" name="reportProgress — early-hit details strip &gt; does not include &quot;early_metadata&quot; as a raw string in ANY event" time="0.756341746">
            <system-out>
[Info] [global] Starting getVideoInfo for: https://www.youtube.com/watch?v=testEarlyHit1

[Info] Resolved URL: https://www.youtube.com/watch?v=testEarlyHit1 (T+0ms)

[Info] [Background] Speculative yt-dlp failed: ERROR: [youtube] testEarlyHi: Video unavailable

[Timing] oEmbed fetch took 0ms (returned data)

[Metadata] Early hit: &quot;Real Title&quot; by &quot;Real Channel Name&quot; (T+1ms from getInfo start, dispatch prep 1ms, wall-clock 750ms)
[Info] Progress: extracting Metadata found

[Info] JS race winner has only 1 formats (no 720p+); escalating to fallbackTask.
[Info] Fast metadata hit, returning partial info immediately.
[Info] [Background] JS produced only 1 formats (HD=false); escalating to yt-dlp speculative.
[Info] [Background] JS empty, awaiting speculative yt-dlp...
[Timing] /info handleYoutubeTiktokInfo returned in 754ms (isPartial=true)

            </system-out>
            <system-err>
[yt-dlp-error] Code 1: ERROR: [youtube] testEarlyHi: Video unavailable | Command: yt-dlp --dump-json --user-agent Mozilla/5.0 (Windows NT 10.0; Win64; x64) AppleWebKit/537.36 (KHTML, like Gecko) Chrome/135.0.0.0 Safari/537.36 --ignore-config --no-playlist --force-ipv4 --no-check-certificates --no-warnings --socket-timeout 30 --retries 30 --fragment-retries 30 --retry-sleep 2 --buffer-size 1M --http-chunk-size 10M --concurrent-fragments 8 --throttled-rate 100K --no-colors --mark-watched --geo-bypass --no-video-multistreams --no-check-formats --format bestvideo+bestaudio/best --extractor-args youtube:player-skip=web --no-plugin-dirs --extractor-args youtube:player-client=android_vr --cache-dir /home/circleci/project/backend/temp/yt-dlp-cache https://www.youtube.com/watch?v=testEarlyHit1

[Info] [Background] Speculative yt-dlp returned no info

            </system-err>
        </testcase>
    </testsuite>
    <testsuite name="tests/core/early_hit_wall_clock.test.ts" timestamp="2026-05-29T11:12:36.712Z" hostname="57da4ab8adf1" tests="3" failures="0" errors="0" skipped="0" time="0.185770062">
        <testcase classname="tests/core/early_hit_wall_clock.test.ts" name="[Metadata] Early hit — backend wall-clock metric &gt; appends &quot;wall-clock Nms&quot; to backend log when requestT0 is provided" time="0.070955346">
        </testcase>
        <testcase classname="tests/core/early_hit_wall_clock.test.ts" name="[Metadata] Early hit — backend wall-clock metric &gt; omits &quot;wall-clock&quot; when requestT0 is not provided" time="0.052116313">
        </testcase>
        <testcase classname="tests/core/early_hit_wall_clock.test.ts" name="[Metadata] Early hit — backend wall-clock metric &gt; does not leak wall-clock or requestT0 into SSE early_metadata payload" time="0.053450261">
        </testcase>
    </testsuite>
    <testsuite name="tests/core/format_string_fallback.test.ts" timestamp="2026-05-29T11:12:36.713Z" hostname="57da4ab8adf1" tests="4" failures="0" errors="0" skipped="0" time="0.817014466">
        <testcase classname="tests/core/format_string_fallback.test.ts" name="Resolution-aware format string (Phase 1.5.4) &gt; 1080p format includes height&lt;=1080 fallback (NOT bare /best)" time="0.204701073">
            <system-out>
[TurboMux] [global] Refreshing URLs via tv...

[TurboMux] [global] Failed: mock

[Download] [global] Engine: yt-dlp | Platform: Youtube | URL: https://www.youtube.com/watch?v=fmtTest

[Streamer] Starting with client: tv (formatId=137) [temp file mode]

[Redis] MetadataCache connected to Local instance

            </system-out>
        </testcase>
        <testcase classname="tests/core/format_string_fallback.test.ts" name="Resolution-aware format string (Phase 1.5.4) &gt; 720p format respects 720p ceiling on fallback" time="0.201739705">
            <system-out>
[TurboMux] [global] Refreshing URLs via tv...

[TurboMux] [global] Failed: mock

[Download] [global] Engine: yt-dlp | Platform: Youtube | URL: https://www.youtube.com/watch?v=fmtTest

[Streamer] Starting with client: tv (formatId=136) [temp file mode]

            </system-out>
        </testcase>
        <testcase classname="tests/core/format_string_fallback.test.ts" name="Resolution-aware format string (Phase 1.5.4) &gt; 4K format respects 2160p ceiling on fallback" time="0.201855329">
            <system-out>
[TurboMux] [global] Refreshing URLs via tv...

[TurboMux] [global] Failed: mock

[Download] [global] Engine: yt-dlp | Platform: Youtube | URL: https://www.youtube.com/watch?v=fmtTest

[Streamer] Starting with client: tv (formatId=401) [temp file mode]

            </system-out>
        </testcase>
        <testcase classname="tests/core/format_string_fallback.test.ts" name="Resolution-aware format string (Phase 1.5.4) &gt; format with no known height falls back to bv*+ba/b (no degradation)" time="0.200775487">
            <system-out>
[TurboMux] [global] Refreshing URLs via tv...

[TurboMux] [global] Failed: mock

[Download] [global] Engine: yt-dlp | Platform: Youtube | URL: https://www.youtube.com/watch?v=fmtTest

[Streamer] Starting with client: tv (formatId=999) [temp file mode]

            </system-out>
        </testcase>
    </testsuite>
    <testsuite name="tests/core/fsm.test.ts" timestamp="2026-05-29T11:12:36.715Z" hostname="57da4ab8adf1" tests="4" failures="0" errors="0" skipped="0" time="0.012812697">
        <testcase classname="tests/core/fsm.test.ts" name="Media FSM &gt; should initialize in idle state" time="0.002361357">
        </testcase>
        <testcase classname="tests/core/fsm.test.ts" name="Media FSM &gt; should allow valid transitions" time="0.00063344">
            <system-out>
[FSM] Transition: idle to fetching

            </system-out>
        </testcase>
        <testcase classname="tests/core/fsm.test.ts" name="Media FSM &gt; should execute action on transition" time="0.000812575">
            <system-out>
[FSM] Transition: idle to fetching

            </system-out>
        </testcase>
        <testcase classname="tests/core/fsm.test.ts" name="Media FSM &gt; should not change state on invalid transition" time="0.000580331">
            <system-err>
[FSM] Error: Invalid transition from idle to processing

            </system-err>
        </testcase>
    </testsuite>
    <testsuite name="tests/core/info_disk_cache.test.ts" timestamp="2026-05-29T11:12:36.718Z" hostname="57da4ab8adf1" tests="5" failures="0" errors="0" skipped="0" time="0.724042252">
        <testcase classname="tests/core/info_disk_cache.test.ts" name="runYtdlpInfo — disk JSON persistence &gt; writes raw yt-dlp JSON to CACHE_DIR/metadata/&lt;id&gt;.json on success" time="0.056688709">
        </testcase>
        <testcase classname="tests/core/info_disk_cache.test.ts" name="runYtdlpInfo — disk JSON persistence &gt; skips persistence gracefully when id is missing" time="0.051173846">
        </testcase>
        <testcase classname="tests/core/info_disk_cache.test.ts" name="streamDownload — --load-info-json reuse &gt; skips --load-info-json for streaming (nsig throttle prevention)" time="0.203970895">
            <system-out>
[TurboMux] [global] Refreshing URLs via tv...

[TurboMux] [global] Failed: mock

[Download] [global] Engine: yt-dlp | Platform: Youtube | URL: https://www.youtube.com/watch?v=abcDEF12345

[Streamer] Starting with client: tv (formatId=137) [temp file mode]

            </system-out>
        </testcase>
        <testcase classname="tests/core/info_disk_cache.test.ts" name="streamDownload — --load-info-json reuse &gt; skips --load-info-json when cache is stale (&gt;90 minutes)" time="0.201927658">
            <system-out>
[TurboMux] [global] Refreshing URLs via tv...

[TurboMux] [global] Failed: mock

[Download] [global] Engine: yt-dlp | Platform: Youtube | URL: https://www.youtube.com/watch?v=abcDEF12345

[Streamer] Starting with client: tv (formatId=137) [temp file mode]

            </system-out>
        </testcase>
        <testcase classname="tests/core/info_disk_cache.test.ts" name="streamDownload — --load-info-json reuse &gt; skips --load-info-json when cache file is missing" time="0.201809852">
            <system-out>
[TurboMux] [global] Refreshing URLs via tv...

[TurboMux] [global] Failed: mock

[Download] [global] Engine: yt-dlp | Platform: Youtube | URL: https://www.youtube.com/watch?v=abcDEF12345

[Streamer] Starting with client: tv (formatId=137) [temp file mode]

            </system-out>
        </testcase>
    </testsuite>
    <testsuite name="tests/core/mp4_only_output.test.ts" timestamp="2026-05-29T11:12:36.722Z" hostname="57da4ab8adf1" tests="3" failures="0" errors="0" skipped="0" time="0.419788209">
        <testcase classname="tests/core/mp4_only_output.test.ts" name="mp4-only output: vp9 webm sources remux to mp4 &gt; processVideoFormats reports mp4 extension for vp9 webm formats" time="0.003428032">
        </testcase>
        <testcase classname="tests/core/mp4_only_output.test.ts" name="mp4-only output: vp9 webm sources remux to mp4 &gt; streamer always passes --merge-output-format mp4 (never webm)" time="0.202751542">
            <system-out>
[TurboMux] [global] Refreshing URLs via tv...

[TurboMux] [global] Failed: mock

[Download] [global] Engine: yt-dlp | Platform: Youtube | URL: https://www.youtube.com/watch?v=mp4Test

[Streamer] Starting with client: tv (formatId=303) [temp file mode]

            </system-out>
        </testcase>
        <testcase classname="tests/core/mp4_only_output.test.ts" name="mp4-only output: vp9 webm sources remux to mp4 &gt; vp9 takes the fast stream-copy postprocessor path (faststart)" time="0.201641221">
            <system-out>
[TurboMux] [global] Refreshing URLs via tv...

[TurboMux] [global] Failed: mock

[Download] [global] Engine: yt-dlp | Platform: Youtube | URL: https://www.youtube.com/watch?v=vp9Test

[Streamer] Starting with client: tv (formatId=303) [temp file mode]

            </system-out>
        </testcase>
    </testsuite>
    <testsuite name="tests/core/normalization.test.ts" timestamp="2026-05-29T11:12:36.724Z" hostname="57da4ab8adf1" tests="3" failures="0" errors="0" skipped="0" time="0.015780217">
        <testcase classname="tests/core/normalization.test.ts" name="URL Normalization (Cache Consistency) &gt; should strip Spotify tracking parameters (si, context)" time="0.003022689">
        </testcase>
        <testcase classname="tests/core/normalization.test.ts" name="URL Normalization (Cache Consistency) &gt; should strip Facebook and TikTok tracking parameters" time="0.0007045">
        </testcase>
        <testcase classname="tests/core/normalization.test.ts" name="URL Normalization (Cache Consistency) &gt; should handle URLs without parameters gracefully" time="0.00116295">
        </testcase>
    </testsuite>
    <testsuite name="tests/core/normalize_artist.test.ts" timestamp="2026-05-29T11:12:36.725Z" hostname="57da4ab8adf1" tests="13" failures="0" errors="0" skipped="0" time="0.014280465">
        <testcase classname="tests/core/normalize_artist.test.ts" name="normalizeArtist — YouTube handle-slug rejection &gt; returns the proper channel display name when uploader is clean" time="0.002408025">
        </testcase>
        <testcase classname="tests/core/normalize_artist.test.ts" name="normalizeArtist — YouTube handle-slug rejection &gt; REJECTS the YouTube handle-slug pattern in uploader and falls through to channel" time="0.000415341">
        </testcase>
        <testcase classname="tests/core/normalize_artist.test.ts" name="normalizeArtist — YouTube handle-slug rejection &gt; REJECTS the slug pattern in author and uses channel/creator" time="0.000304562">
        </testcase>
        <testcase classname="tests/core/normalize_artist.test.ts" name="normalizeArtist — YouTube handle-slug rejection &gt; falls through every slug-shaped candidate before giving up" time="0.000328297">
        </testcase>
        <testcase classname="tests/core/normalize_artist.test.ts" name="normalizeArtist — YouTube handle-slug rejection &gt; returns &quot;YouTube User&quot; when every candidate looks like a slug" time="0.000260313">
        </testcase>
        <testcase classname="tests/core/normalize_artist.test.ts" name="normalizeArtist — YouTube handle-slug rejection &gt; does NOT reject names that contain spaces (real channel names with hyphens)" time="0.000193487">
        </testcase>
        <testcase classname="tests/core/normalize_artist.test.ts" name="normalizeArtist — YouTube handle-slug rejection &gt; does NOT reject mixed-case names (real channel handles often have caps)" time="0.000186857">
        </testcase>
        <testcase classname="tests/core/normalize_artist.test.ts" name="normalizeArtist — YouTube handle-slug rejection &gt; does NOT reject names with too long a suffix (&gt;6 chars after hyphen)" time="0.000183625">
        </testcase>
        <testcase classname="tests/core/normalize_artist.test.ts" name="normalizeArtist — YouTube handle-slug rejection &gt; does NOT reject names without a hyphen" time="0.000309853">
        </testcase>
        <testcase classname="tests/core/normalize_artist.test.ts" name="normalizeArtist — YouTube handle-slug rejection &gt; handles youtu.be short URLs the same as youtube.com" time="0.000215262">
        </testcase>
        <testcase classname="tests/core/normalize_artist.test.ts" name="normalizeArtist — YouTube handle-slug rejection &gt; rejects the exact reported failure case &quot;nijummd-ru1jz&quot;" time="0.000187945">
        </testcase>
        <testcase classname="tests/core/normalize_artist.test.ts" name="normalizeArtist — non-YouTube paths unchanged &gt; uses metascraper.author for generic URLs" time="0.000359973">
        </testcase>
        <testcase classname="tests/core/normalize_artist.test.ts" name="normalizeArtist — non-YouTube paths unchanged &gt; falls back to platform name for invalid Instagram author" time="0.000379555">
        </testcase>
    </testsuite>
    <testsuite name="tests/core/oembed.test.ts" timestamp="2026-05-29T11:12:36.728Z" hostname="57da4ab8adf1" tests="11" failures="0" errors="0" skipped="0" time="0.116448196">
        <testcase classname="tests/core/oembed.test.ts" name="fetchYoutubeOEmbed — happy path &gt; returns the channel display name (author_name) and title" time="0.049437849">
        </testcase>
        <testcase classname="tests/core/oembed.test.ts" name="fetchYoutubeOEmbed — happy path &gt; upgrades the thumbnail URL to hqdefault" time="0.005514863">
        </testcase>
        <testcase classname="tests/core/oembed.test.ts" name="fetchYoutubeOEmbed — happy path &gt; handles youtu.be short URLs" time="0.005243266">
        </testcase>
        <testcase classname="tests/core/oembed.test.ts" name="fetchYoutubeOEmbed — happy path &gt; handles /shorts/ URLs" time="0.004516588">
        </testcase>
        <testcase classname="tests/core/oembed.test.ts" name="fetchYoutubeOEmbed — failure modes return null (no throw) &gt; returns null on 401 Unauthorized (private/unlisted videos)" time="0.006961267">
            <system-out>
[MetadataUtil] oEmbed fast-path failed for https://www.youtube.com/watch?v=privateXYZ1: Response code 401 (Unauthorized)

            </system-out>
        </testcase>
        <testcase classname="tests/core/oembed.test.ts" name="fetchYoutubeOEmbed — failure modes return null (no throw) &gt; returns null on 404 Not Found (deleted videos)" time="0.005017456">
            <system-out>
[MetadataUtil] oEmbed fast-path failed for https://www.youtube.com/watch?v=deletedABC1: Response code 404 (Not Found)

            </system-out>
        </testcase>
        <testcase classname="tests/core/oembed.test.ts" name="fetchYoutubeOEmbed — failure modes return null (no throw) &gt; returns null on network error" time="0.005042025">
            <system-out>
[MetadataUtil] oEmbed fast-path failed for https://www.youtube.com/watch?v=netfailABC1: Network error

            </system-out>
        </testcase>
        <testcase classname="tests/core/oembed.test.ts" name="fetchYoutubeOEmbed — failure modes return null (no throw) &gt; returns null when title and author are both missing" time="0.007119793">
        </testcase>
        <testcase classname="tests/core/oembed.test.ts" name="fetchYoutubeOEmbed — failure modes return null (no throw) &gt; returns null when the URL has no extractable video id" time="0.000542324">
        </testcase>
        <testcase classname="tests/core/oembed.test.ts" name="fetchYoutubeOEmbed — partial responses &gt; keeps title even when author_name is missing" time="0.008024402">
        </testcase>
        <testcase classname="tests/core/oembed.test.ts" name="fetchYoutubeOEmbed — partial responses &gt; keeps author when title is missing" time="0.009181162">
        </testcase>
    </testsuite>
    <testsuite name="tests/core/process_lifecycle.test.ts" timestamp="2026-05-29T11:12:36.730Z" hostname="57da4ab8adf1" tests="1" failures="0" errors="0" skipped="0" time="0.219893668">
        <testcase classname="tests/core/process_lifecycle.test.ts" name="FFmpeg Process Lifecycle &amp; Sandbox Cleanup &gt; Should systematically terminate active OS processes when client disconnects abruptly" time="0.211571459">
            <system-out>
[...]
)

            </system-err>
        </testcase>
        <testcase classname="tests/flows/engine.test.ts" name="engine &gt; verify &apos;Spotify: Pag-ibig Na Kay Ganda - Spri…&apos;" time="1.029651705">
            <system-out>
[Info] [global] Starting getVideoInfo for: https://open.spotify.com/track/2zo9LbUgrZZvUxVLp9DbiJ?si=7eecb0680e9547a7

[Info] Resolved URL: https://open.spotify.com/track/2zo9LbUgrZZvUxVLp9DbiJ (T+0ms)

[MockDB] Executing: 
                CREATE TABLE IF NOT EXISTS spotify_mappings (
                    url TEXT PRIMARY ...

[MockDB] Executing: CREATE INDEX IF NOT EXISTS idx_spotify_isrc ON spotify_mappings(isrc)...

[MockDB] Executing: CREATE INDEX IF NOT EXISTS idx_spotify_youtube ON spotify_mappings(youtubeUrl)...

[Turso] Database initialized.

[MockDB] Executing: SELECT * FROM spotify_mappings WHERE url = ?...

[Info] Progress: initializing Refreshing 30s preview...

[Info] Progress: initializing Preview Refreshed

[MockDB] Executing: UPDATE spotify_mappings SET previewUrl = ? WHERE url = ?...

[Info] Progress: initializing Staging Multi-Source Search...
[Info] Progress: initializing Running ISRC Quantum Matcher...
[Info] Progress: initializing Consulting Odesli API...

[Info] [global] Starting getVideoInfo for: https://youtube.com/watch?v=nTbA7qrEsP0

[Info] Resolved URL: https://youtube.com/watch?v=nTbA7qrEsP0 (T+0ms)

[Info] Falling back to slow-path (yt-dlp)...

[Timing] /info served from yt-dlp slow-path in 1ms

[Info] [global] Starting getVideoInfo for: https://open.spotify.com/track/2zo9LbUgrZZvUxVLp9DbiJ?si=7eecb0680e9547a7

[Info] Resolved URL: https://open.spotify.com/track/2zo9LbUgrZZvUxVLp9DbiJ (T+0ms)

[Info] Progress: initializing Scanning SoundCloud Catalog...

[SoundCloud] Fetching fresh client_id...

[Info] Progress: initializing Race Completed.

[Response] Sending Preview: https://example.com/preview.mp3...

[Timing] /info served from prefetch in 797ms

[engine] Pag-ibig Na Kay Ganda ok (1028.52ms)

            </system-out>
            <system-err>
[Metadata] Engine: Pure-JS URL: https://youtube.com/watch?v=nTbA7qrEsP0 (Failed: [vitest] No &quot;getInFlightJsResult&quot; export is defined on the &quot;../../src/services/extractors/index.js&quot; mock. Did you forget to return it from &quot;vi.mock&quot;?
If you need to partially mock a module, you can use &quot;importOriginal&quot; helper inside:
)

            </system-err>
        </testcase>
    </testsuite>
    <testsuite name="tests/flows/healthy_formats_threshold.test.ts" timestamp="2026-05-29T11:12:36.749Z" hostname="57da4ab8adf1" tests="3" failures="0" errors="0" skipped="0" time="1.821567274">
        <testcase classname="tests/flows/healthy_formats_threshold.test.ts" name="handleYoutubeTiktokInfo — healthy JS result is trusted &gt; returns the JS formats when JS has &gt;=3 formats with HD" time="1.425208782">
            <system-out>
[Info] [global] Starting getVideoInfo for: https://www.youtube.com/watch?v=healthyAB123

[Info] Resolved URL: https://www.youtube.com/watch?v=healthyAB123 (T+1ms)

[Redis] Queue connected to Local instance

[MetadataUtil] oEmbed fast-path failed for https://www.youtube.com/watch?v=healthyAB123: Response code 400 (Bad Request)

[Timing] oEmbed fetch took 132ms (returned null)

[Timing] /info handleYoutubeTiktokInfo returned in 1371ms (isPartial=false)

            </system-out>
        </testcase>
        <testcase classname="tests/flows/healthy_formats_threshold.test.ts" name="handleYoutubeTiktokInfo — limited JS result escalates to yt-dlp &gt; treats a 1-format/no-HD JS result as unhealthy and uses yt-dlp formats" time="0.09896182">
            <system-out>
[Info] [global] Starting getVideoInfo for: https://www.youtube.com/watch?v=limitedXY456

[Info] Resolved URL: https://www.youtube.com/watch?v=limitedXY456 (T+1ms)

[MetadataUtil] oEmbed fast-path failed for https://www.youtube.com/watch?v=limitedXY456: Response code 400 (Bad Request)

[Timing] oEmbed fetch took 45ms (returned null)

[Info] JS race winner has only 1 formats (no 720p+); escalating to fallbackTask.
[Info] Fast metadata hit, returning partial info immediately.
[Info] [Background] JS produced only 1 formats (HD=false); escalating to yt-dlp speculative.
[Info] [Background] JS empty, awaiting speculative yt-dlp...
[Timing] /info handleYoutubeTiktokInfo returned in 47ms (isPartial=true)

[Info] [global] Starting getVideoInfo for: https://www.youtube.com/watch?v=limitedXY456

[Info] Resolved URL: https://www.youtube.com/watch?v=limitedXY456 (T+0ms)

[Timing] /info served from prefetch in 1ms

            </system-out>
        </testcase>
        <testcase classname="tests/flows/healthy_formats_threshold.test.ts" name="handleYoutubeTiktokInfo — limited JS result escalates to yt-dlp &gt; treats 5 formats with NO 720p+ as unhealthy" time="0.093389926">
            <system-out>
[Info] [global] Starting getVideoInfo for: https://www.youtube.com/watch?v=noHdABCDEF1

[Info] Resolved URL: https://www.youtube.com/watch?v=noHdABCDEF1 (T+1ms)

[MetadataUtil] oEmbed fast-path failed for https://www.youtube.com/watch?v=noHdABCDEF1: Response code 400 (Bad Request)

[Timing] oEmbed fetch took 41ms (returned null)

[Info] JS race winner has only 5 formats (no 720p+); escalating to fallbackTask.
[Info] Fast metadata hit, returning partial info immediately.
[Info] [Background] JS produced only 5 formats (HD=false); escalating to yt-dlp speculative.
[Info] [Background] JS empty, awaiting speculative yt-dlp...
[Timing] /info handleYoutubeTiktokInfo returned in 42ms (isPartial=true)

[Info] [global] Starting getVideoInfo for: https://www.youtube.com/watch?v=noHdABCDEF1

[Info] Resolved URL: https://www.youtube.com/watch?v=noHdABCDEF1 (T+0ms)

[Timing] /info served from prefetch in 1ms

            </system-out>
        </testcase>
    </testsuite>
    <testsuite name="tests/flows/jit_refresh.test.ts" timestamp="2026-05-29T11:12:36.750Z" hostname="57da4ab8adf1" tests="3" failures="0" errors="0" skipped="0" time="0.041414812">
        <testcase classname="tests/flows/jit_refresh.test.ts" name="JIT Refresh Logic &gt; should refresh expiring Deezer links" time="0.028965854">
        </testcase>
        <testcase classname="tests/flows/jit_refresh.test.ts" name="JIT Refresh Logic &gt; should refresh expiring iTunes links" time="0.003293185">
        </testcase>
        <testcase classname="tests/flows/jit_refresh.test.ts" name="JIT Refresh Logic &gt; should ignore static CDNs" time="0.000538941">
        </testcase>
    </testsuite>
    <testsuite name="tests/flows/live.test.ts" timestamp="2026-05-29T11:12:36.751Z" hostname="57da4ab8adf1" tests="2" failures="0" errors="0" skipped="0" time="2.01598102">
        <testcase classname="tests/flows/live.test.ts" name="live monitoring &gt; check &apos;YouTube: 4K Official Short&apos;" time="1.130774247">
            <system-out>
[Info] [global] Starting getVideoInfo for: https://www.youtube.com/watch?v=vPwaXytZcgI

[Info] Resolved URL: https://www.youtube.com/watch?v=vPwaXytZcgI (T+0ms)

[Info] Progress: fetching_info Decrypting streams...

[Info] Progress: fetching_info Metadata parsed

[Timing] oEmbed fetch took 144ms (returned data)

[Metadata] Early hit: &quot;TWICE “SCIENTIST” M/V&quot; by &quot;JYP Entertainment&quot; (T+164ms from getInfo start, dispatch prep 19ms, wall-clock 1116ms)
[Info] Progress: extracting Metadata found

[Timing] /info handleYoutubeTiktokInfo returned in 1126ms (isPartial=false)

[live] Awit Ng Bayan (Mocked) ok (1.13s)

            </system-out>
        </testcase>
        <testcase classname="tests/flows/live.test.ts" name="live monitoring &gt; check &apos;Spotify: Pag-ibig Na Kay Ganda - Spri…&apos;" time="0.878747401">
            <system-out>
[Info] [global] Starting getVideoInfo for: https://open.spotify.com/track/2zo9LbUgrZZvUxVLp9DbiJ?si=7eecb0680e9547a7

[Info] Resolved URL: https://open.spotify.com/track/2zo9LbUgrZZvUxVLp9DbiJ (T+1ms)

[MockDB] Executing: 
                CREATE TABLE IF NOT EXISTS spotify_mappings (
                    url TEXT PRIMARY ...

[MockDB] Executing: CREATE INDEX IF NOT EXISTS idx_spotify_isrc ON spotify_mappings(isrc)...

[MockDB] Executing: CREATE INDEX IF NOT EXISTS idx_spotify_youtube ON spotify_mappings(youtubeUrl)...

[Turso] Database initialized.

[MockDB] Executing: SELECT * FROM spotify_mappings WHERE url = ?...

[Info] Progress: initializing Consulting Spotify API...

[Info] Progress: initializing Falling back to multi-source race...

[Info] Progress: initializing Metadata locked.

[Info] Progress: initializing Refreshing 30s preview...

Ignored: This operation was aborted
[Soundcharts] Request failed: This operation was aborted

[Info] Progress: initializing Preview Refreshed

[MockDB] Executing: UPDATE spotify_mappings SET previewUrl = ? WHERE url = ?...

[MockDB] Executing: INSERT OR REPLACE INTO volatile_links (url, expires_at, provider) VALUES (?, ?, ?)...

[Assert] Verified spotify logic flow.
[live] Pag-Ibig Na Kay Ganda ok (0.87s)

[Info] Progress: initializing Staging Multi-Source Search...
[Info] Progress: initializing Running ISRC Quantum Matcher...
[Info] Progress: initializing Consulting Odesli API...

            </system-out>
            <system-err>
[Spotify-API] Error: Spotify auth failed: 400 - {&quot;error&quot;:&quot;invalid_client&quot;,&quot;error_description&quot;:&quot;Invalid client&quot;}

            </system-err>
        </testcase>
    </testsuite>
    <testsuite name="tests/flows/queue.integration.test.ts" timestamp="2026-05-29T11:12:36.753Z" hostname="57da4ab8adf1" tests="1" failures="0" errors="0" skipped="0" time="0.060843247">
        <testcase classname="tests/flows/queue.integration.test.ts" name="BullMQ Infrastructure Engine Integration &gt; Should successfully dispatch, pick up, and drain tasks via the localized pipeline" time="0.051412143">
        </testcase>
    </testsuite>
    <testsuite name="tests/flows/sse_realtime.test.ts" timestamp="2026-05-29T11:12:36.753Z" hostname="57da4ab8adf1" tests="1" failures="0" errors="0" skipped="0" time="1.046394454">
        <testcase classname="tests/flows/sse_realtime.test.ts" name="SSE Realtime Regression &gt; should capture expected SSE events during extraction" time="1.037947959">
            <system-out>
[Info] [global] Starting getVideoInfo for: https://vt.tiktok.com/ZS123456/
[Info] Expanding URL: https://vt.tiktok.com/ZS123456/

[Info] Resolved URL: https://www.tiktok.com/?_r=1 (T+926ms)

[Info] Progress: fetching_info Scanning Test...

[Info] JS race winner has only 1 formats (no 720p+); escalating to fallbackTask.
[Info] [Background] JS empty, awaiting speculative yt-dlp...
[Info] Fast metadata hit, returning partial info immediately.

[Timing] /info handleYoutubeTiktokInfo returned in 933ms (isPartial=true)

Captured statuses: [ [32m&apos;Expanding short-links...&apos;[39m, [32m&apos;Scanning Test...&apos;[39m ]

            </system-out>
        </testcase>
    </testsuite>
    <testsuite name="tests/security/observability.test.ts" timestamp="2026-05-29T11:12:36.754Z" hostname="57da4ab8adf1" tests="1" failures="0" errors="0" skipped="0" time="0.082202205">
        <testcase classname="tests/security/observability.test.ts" name="Telemetry &amp; Observability Pipeline &gt; Should capture unexpected exceptions inside handlers and pass them to Sentry" time="0.073316391">
            <system-out>
[11:12:30] [b8f48538] GET /info?url=https://www.youtube.com/watch?v=123

            </system-out>
            <system-err>
[VideoInfo] Error: [vitest] No &quot;downloadCookies&quot; export is defined on the &quot;../../src/utils/network/cookie.util.js&quot; mock. Did you forget to return it from &quot;vi.mock&quot;?
If you need to partially mock a module, you can use &quot;importOriginal&quot; helper inside:


            </system-err>
        </testcase>
    </testsuite>
    <testsuite name="tests/security/resilience.integration.test.ts" timestamp="2026-05-29T11:12:36.755Z" hostname="57da4ab8adf1" tests="2" failures="0" errors="0" skipped="0" time="0.170144138">
        <testcase classname="tests/security/resilience.integration.test.ts" name="Infrastructure Fault Injection &gt; Should handle Turso Database mid-flight dropouts without crashing" time="0.122015722">
            <system-out>
[11:12:17] [5b2e10e0] GET /info?url=https://open.spotify.com/track/404

[Info] [5b2e10e0] Starting getVideoInfo for: https://open.spotify.com/track/404

[Info] Resolved URL: https://open.spotify.com/track/404 (T+1ms)

[Turso] Brain lookup failed: LibSQL Client Error: Cannot reach remote database

[Info] Progress: initializing Consulting Spotify API...

[Info] Progress: initializing Falling back to multi-source race...

[Info] Progress: initializing Metadata locked.

[Info] Progress: initializing Refreshing 30s preview...

[Info] Progress: initializing Preview Refreshed

[MockDB] Executing: UPDATE spotify_mappings SET previewUrl = ? WHERE url = ?...

[MockDB] Executing: INSERT OR REPLACE INTO volatile_links (url, expires_at, provider) VALUES (?, ?, ?)...

[Response] Sending Preview: https://p.scdn.co/mp3-preview/mocked...

[Info] Progress: initializing Staging Multi-Source Search...
[Info] Progress: initializing Running ISRC Quantum Matcher...
[Info] Progress: initializing Consulting Odesli API...

[Info] [5b2e10e0] Starting getVideoInfo for: https://youtube.com/watch?v=nTbA7qrEsP0

[Info] Resolved URL: https://youtube.com/watch?v=nTbA7qrEsP0 (T+1ms)

            </system-out>
        </testcase>
        <testcase classname="tests/security/resilience.integration.test.ts" name="Infrastructure Fault Injection &gt; Should survive Redis connection timeouts during heavy concurrency checks" time="0.037793045">
            <system-out>
[11:12:17] [ca2bb2dc] POST /convert

            </system-out>
            <system-err>
[Global Error] Error: Redis command timeout (ETIMEDOUT)
    at [90m/home/circleci/project/backend/[39mtests/security/resilience.integration.test.ts:22:76
    at [90mfile:///home/circleci/project/backend/[39mnode_modules/[4m@vitest[24m/runner/dist/chunk-artifact.js:302:11
    at [90mfile:///home/circleci/project/backend/[39mnode_modules/[4m@vitest[24m/runner/dist/chunk-artifact.js:1903:26
    at [90mfile:///home/circleci/project/backend/[39mnode_modules/[4m@vitest[24m/runner/dist/chunk-artifact.js:2326:20
    at new Promise (&lt;anonymous&gt;)
    at runWithCancel [90m(file:///home/circleci/project/backend/[39mnode_modules/[4m@vitest[24m/runner/dist/chunk-artifact.js:2323:10[90m)[39m
    at [90mfile:///home/circleci/project/backend/[39mnode_modules/[4m@vitest[24m/runner/dist/chunk-artifact.js:2305:20
    at new Promise (&lt;anonymous&gt;)
    at runWithTimeout [90m(file:///home/circleci/project/backend/[39mnode_modules/[4m@vitest[24m/runner/dist/chunk-artifact.js:2272:10[90m)[39m
    at [90mfile:///home/circleci/project/backend/[39mnode_modules/[4m@vitest[24m/runner/dist/chunk-artifact.js:2955:64

            </system-err>
        </testcase>
    </testsuite>
    <testsuite name="tests/security/security_verification.test.ts" timestamp="2026-05-29T11:12:36.756Z" hostname="57da4ab8adf1" tests="3" failures="0" errors="0" skipped="0" time="0.045931592">
        <testcase classname="tests/security/security_verification.test.ts" name="Security Protections Verification &gt; Rate Limiting: blocks excessive requests to /info" time="0.002103707">
            <system-err>
[Test Skip] Server down at http://localhost:5000. Skipping rate limit test.

            </system-err>
        </testcase>
        <testcase classname="tests/security/security_verification.test.ts" name="Security Protections Verification &gt; Concurrency Guard: blocks simultaneous downloads from same IP" time="0.000466603">
            <system-err>
[Test Skip] Server down at http://localhost:5000. Skipping concurrency test.

            </system-err>
        </testcase>
        <testcase classname="tests/security/security_verification.test.ts" name="Security Protections Verification &gt; Stability: light requests (/ping) should NOT be subject to concurrency guard" time="0.000346965">
        </testcase>
    </testsuite>
    <testsuite name="tests/security/ssrf_integration.test.ts" timestamp="2026-05-29T11:12:36.757Z" hostname="57da4ab8adf1" tests="3" failures="0" errors="0" skipped="0" time="0.142514696">
        <testcase classname="tests/security/ssrf_integration.test.ts" name="SSRF Integration: pipeWebStream &gt; blocks request to 127.0.0.1" time="0.005364493">
        </testcase>
        <testcase classname="tests/security/ssrf_integration.test.ts" name="SSRF Integration: pipeWebStream &gt; blocks request to localtest.me" time="0.008358325">
        </testcase>
        <testcase classname="tests/security/ssrf_integration.test.ts" name="SSRF Integration: pipeWebStream &gt; allows request to a public domain (Google)" time="0.119564394">
            <system-out>
[Quantum-Undici] Creating new connection pool for: https://142.251.155.119

[11:11:58 AM] [Quantum-Undici] 206 OK (0.0MB) -&gt; https://www.google.com/robots.txt...

            </system-out>
        </testcase>
    </testsuite>
    <testsuite name="tests/security/ssrf_security.test.ts" timestamp="2026-05-29T11:12:36.758Z" hostname="57da4ab8adf1" tests="5" failures="0" errors="0" skipped="0" time="0.03200387">
        <testcase classname="tests/security/ssrf_security.test.ts" name="SSRF Protection &gt; should block private IP ranges" time="0.007693583">
        </testcase>
        <testcase classname="tests/security/ssrf_security.test.ts" name="SSRF Protection &gt; should block IPv6 literals and loopback addresses" time="0.009993057">
        </testcase>
        <testcase classname="tests/security/ssrf_security.test.ts" name="SSRF Protection &gt; should block Cloud Metadata Endpoints (169.254.169.254)" time="0.000738878">
        </testcase>
        <testcase classname="tests/security/ssrf_security.test.ts" name="SSRF Protection &gt; should prevent DNS Rebinding attacks by enforcing validation at lookup" time="0.00086809">
        </testcase>
        <testcase classname="tests/security/ssrf_security.test.ts" name="SSRF Protection &gt; should allow public IP ranges" time="0.000576645">
        </testcase>
    </testsuite>
    <testsuite name="tests/services/extract.service.test.ts" timestamp="2026-05-29T11:12:36.760Z" hostname="57da4ab8adf1" tests="6" failures="0" errors="0" skipped="0" time="0.021558584">
        <testcase classname="tests/services/extract.service.test.ts" name="Extract Service &gt; 1. The Ultimate Happy Path (Primary Waterfall)" time="0.006356128">
        </testcase>
        <testcase classname="tests/services/extract.service.test.ts" name="Extract Service &gt; 2. The Shazam Fallback (AcoustID Failure - Zod Validation)" time="0.001801036">
            <system-out>
[ExtractService] Acoustid validation failed: [
  {
    &quot;expected&quot;: &quot;array&quot;,
    &quot;code&quot;: &quot;invalid_type&quot;,
    &quot;path&quot;: [
      &quot;results&quot;
    ],
    &quot;message&quot;: &quot;Invalid input: expected array, received string&quot;
  }
]

            </system-out>
        </testcase>
        <testcase classname="tests/services/extract.service.test.ts" name="Extract Service &gt; 3. The Shazam Fallback (fpcalc Failure)" time="0.000680709">
        </testcase>
        <testcase classname="tests/services/extract.service.test.ts" name="Extract Service &gt; 4. The Complete Meltdown (All Extractors Fail)" time="0.002390527">
        </testcase>
        <testcase classname="tests/services/extract.service.test.ts" name="Extract Service &gt; 5. The Gemini AI Chords Fallback" time="0.001321283">
        </testcase>
        <testcase classname="tests/services/extract.service.test.ts" name="Extract Service &gt; 6. LRCLIB Search Branches (Exact fails, Search succeeds)" time="0.000805864">
        </testcase>
    </testsuite>
</testsuites>
